{
  "stats": {
    "suites": 11,
    "tests": 84,
    "passes": 82,
    "pending": 0,
    "failures": 2,
    "start": "2017-06-07T06:38:25.441Z",
    "end": "2017-06-07T06:38:25.921Z",
    "duration": 480,
    "testsRegistered": 84,
    "passPercent": 97.6,
    "pendingPercent": 0,
    "other": 0,
    "hasOther": false,
    "skipped": 0,
    "hasSkipped": false,
    "passPercentClass": "success",
    "pendingPercentClass": "danger"
  },
  "suites": {
    "title": "",
    "suites": [
      {
        "title": "Login",
        "suites": [
          {
            "title": "/account/login",
            "suites": [],
            "tests": [
              {
                "title": "http status 200 check",
                "fullTitle": "Login /account/login http status 200 check",
                "timedOut": false,
                "duration": 41,
                "state": "passed",
                "speed": "medium",
                "pass": true,
                "fail": false,
                "pending": false,
                "code": "chai.request(config.server.BASE_PATH)\n.post(config.api.accountLogin)\n    .set('content-type', 'application/json')\n    .send(body)\n    .end((err, res) => {\n        res.should.have.status(200)\n        response = res\n      console.log(res.body)\n        done();\n});",
                "err": {},
                "isRoot": false,
                "uuid": "b59c2b2b-79a1-4e29-b258-4513203d6aab",
                "parentUUID": "e35a7924-11be-475a-b9cd-3222ee0d4aa6",
                "isHook": false,
                "skipped": false
              },
              {
                "title": "data property existency check",
                "fullTitle": "Login /account/login data property existency check",
                "timedOut": false,
                "duration": 0,
                "state": "passed",
                "speed": "fast",
                "pass": true,
                "fail": false,
                "pending": false,
                "code": "response.should.have.property('body');\ndone();",
                "err": {},
                "isRoot": false,
                "uuid": "713b7d20-e16e-4b33-86dc-4a2d822b0fa2",
                "parentUUID": "e35a7924-11be-475a-b9cd-3222ee0d4aa6",
                "isHook": false,
                "skipped": false
              },
              {
                "title": "data null check",
                "fullTitle": "Login /account/login data null check",
                "timedOut": false,
                "duration": 0,
                "state": "passed",
                "speed": "fast",
                "pass": true,
                "fail": false,
                "pending": false,
                "code": "expect(response.body).to.not.be.null;\ndone();",
                "err": {},
                "isRoot": false,
                "uuid": "40fdf162-c9ed-4f54-a06a-cb0b96aa4dad",
                "parentUUID": "e35a7924-11be-475a-b9cd-3222ee0d4aa6",
                "isHook": false,
                "skipped": false
              },
              {
                "title": "responseStatus 200 check",
                "fullTitle": "Login /account/login responseStatus 200 check",
                "timedOut": false,
                "duration": 0,
                "state": "passed",
                "speed": "fast",
                "pass": true,
                "fail": false,
                "pending": false,
                "code": "response.body.should.have.property('responseStatus').eql(200)\ndone();",
                "err": {},
                "isRoot": false,
                "uuid": "b847ba5e-824f-41ec-b112-64ada5348cda",
                "parentUUID": "e35a7924-11be-475a-b9cd-3222ee0d4aa6",
                "isHook": false,
                "skipped": false
              },
              {
                "title": "data check",
                "fullTitle": "Login /account/login data check",
                "timedOut": false,
                "duration": 1,
                "state": "passed",
                "speed": "fast",
                "pass": true,
                "fail": false,
                "pending": false,
                "code": "response.body.should.have.property('data').not.to.be.empty\ndone();",
                "err": {},
                "isRoot": false,
                "uuid": "9ce70a79-acac-4b73-a435-9736bf6eef78",
                "parentUUID": "e35a7924-11be-475a-b9cd-3222ee0d4aa6",
                "isHook": false,
                "skipped": false
              },
              {
                "title": "data.account_id ",
                "fullTitle": "Login /account/login data.account_id ",
                "timedOut": false,
                "duration": 0,
                "state": "passed",
                "speed": "fast",
                "pass": true,
                "fail": false,
                "pending": false,
                "code": "response.body.data[0].should.have.property('account_id').not.to.be.empty\ndone();",
                "err": {},
                "isRoot": false,
                "uuid": "608dce9f-a69b-4c18-bdcc-d21d0db72cb2",
                "parentUUID": "e35a7924-11be-475a-b9cd-3222ee0d4aa6",
                "isHook": false,
                "skipped": false
              },
              {
                "title": "data.name",
                "fullTitle": "Login /account/login data.name",
                "timedOut": false,
                "duration": 1,
                "state": "passed",
                "speed": "fast",
                "pass": true,
                "fail": false,
                "pending": false,
                "code": "response.body.data[0].should.have.property('name').not.to.be.empty\ndone();",
                "err": {},
                "isRoot": false,
                "uuid": "0be9948e-d1f4-4d14-bad7-1f9fc7f13e45",
                "parentUUID": "e35a7924-11be-475a-b9cd-3222ee0d4aa6",
                "isHook": false,
                "skipped": false
              },
              {
                "title": "data.phone",
                "fullTitle": "Login /account/login data.phone",
                "timedOut": false,
                "duration": 0,
                "state": "failed",
                "pass": false,
                "fail": true,
                "pending": false,
                "code": "response.body.data[0].should.have.property('phone').not.to.be.empty\ndone();",
                "err": {
                  "name": "AssertionError",
                  "message": ".empty was passed non-string primitive null",
                  "showDiff": false,
                  "estack": "AssertionError: .empty was passed non-string primitive null\n    at Context.<anonymous> (test/account.js:56:68)",
                  "stack": "AssertionError: .empty was passed non-string primitive null\n    at Context.<anonymous> (test/account.js:56:68)"
                },
                "isRoot": false,
                "uuid": "0d611ea7-2392-4f9a-9517-623cf3b307c1",
                "parentUUID": "e35a7924-11be-475a-b9cd-3222ee0d4aa6",
                "isHook": false,
                "skipped": false
              },
              {
                "title": "data.status",
                "fullTitle": "Login /account/login data.status",
                "timedOut": false,
                "duration": 1,
                "state": "passed",
                "speed": "fast",
                "pass": true,
                "fail": false,
                "pending": false,
                "code": "response.body.data[0].should.have.property('status').not.to.be.NaN\ndone();",
                "err": {},
                "isRoot": false,
                "uuid": "aa718d26-4e49-48c9-abe8-3bff856dadea",
                "parentUUID": "e35a7924-11be-475a-b9cd-3222ee0d4aa6",
                "isHook": false,
                "skipped": false
              }
            ],
            "pending": [],
            "root": false,
            "_timeout": 5000,
            "file": "/test/account.js",
            "uuid": "e35a7924-11be-475a-b9cd-3222ee0d4aa6",
            "failedHooks": [],
            "fullFile": "/Users/k_bluehack/Kiosk-API-test/test/account.js",
            "passes": [
              {
                "title": "http status 200 check",
                "fullTitle": "Login /account/login http status 200 check",
                "timedOut": false,
                "duration": 41,
                "state": "passed",
                "speed": "medium",
                "pass": true,
                "fail": false,
                "pending": false,
                "code": "chai.request(config.server.BASE_PATH)\n.post(config.api.accountLogin)\n    .set('content-type', 'application/json')\n    .send(body)\n    .end((err, res) => {\n        res.should.have.status(200)\n        response = res\n      console.log(res.body)\n        done();\n});",
                "err": {},
                "isRoot": false,
                "uuid": "b59c2b2b-79a1-4e29-b258-4513203d6aab",
                "parentUUID": "e35a7924-11be-475a-b9cd-3222ee0d4aa6",
                "isHook": false,
                "skipped": false
              },
              {
                "title": "data property existency check",
                "fullTitle": "Login /account/login data property existency check",
                "timedOut": false,
                "duration": 0,
                "state": "passed",
                "speed": "fast",
                "pass": true,
                "fail": false,
                "pending": false,
                "code": "response.should.have.property('body');\ndone();",
                "err": {},
                "isRoot": false,
                "uuid": "713b7d20-e16e-4b33-86dc-4a2d822b0fa2",
                "parentUUID": "e35a7924-11be-475a-b9cd-3222ee0d4aa6",
                "isHook": false,
                "skipped": false
              },
              {
                "title": "data null check",
                "fullTitle": "Login /account/login data null check",
                "timedOut": false,
                "duration": 0,
                "state": "passed",
                "speed": "fast",
                "pass": true,
                "fail": false,
                "pending": false,
                "code": "expect(response.body).to.not.be.null;\ndone();",
                "err": {},
                "isRoot": false,
                "uuid": "40fdf162-c9ed-4f54-a06a-cb0b96aa4dad",
                "parentUUID": "e35a7924-11be-475a-b9cd-3222ee0d4aa6",
                "isHook": false,
                "skipped": false
              },
              {
                "title": "responseStatus 200 check",
                "fullTitle": "Login /account/login responseStatus 200 check",
                "timedOut": false,
                "duration": 0,
                "state": "passed",
                "speed": "fast",
                "pass": true,
                "fail": false,
                "pending": false,
                "code": "response.body.should.have.property('responseStatus').eql(200)\ndone();",
                "err": {},
                "isRoot": false,
                "uuid": "b847ba5e-824f-41ec-b112-64ada5348cda",
                "parentUUID": "e35a7924-11be-475a-b9cd-3222ee0d4aa6",
                "isHook": false,
                "skipped": false
              },
              {
                "title": "data check",
                "fullTitle": "Login /account/login data check",
                "timedOut": false,
                "duration": 1,
                "state": "passed",
                "speed": "fast",
                "pass": true,
                "fail": false,
                "pending": false,
                "code": "response.body.should.have.property('data').not.to.be.empty\ndone();",
                "err": {},
                "isRoot": false,
                "uuid": "9ce70a79-acac-4b73-a435-9736bf6eef78",
                "parentUUID": "e35a7924-11be-475a-b9cd-3222ee0d4aa6",
                "isHook": false,
                "skipped": false
              },
              {
                "title": "data.account_id ",
                "fullTitle": "Login /account/login data.account_id ",
                "timedOut": false,
                "duration": 0,
                "state": "passed",
                "speed": "fast",
                "pass": true,
                "fail": false,
                "pending": false,
                "code": "response.body.data[0].should.have.property('account_id').not.to.be.empty\ndone();",
                "err": {},
                "isRoot": false,
                "uuid": "608dce9f-a69b-4c18-bdcc-d21d0db72cb2",
                "parentUUID": "e35a7924-11be-475a-b9cd-3222ee0d4aa6",
                "isHook": false,
                "skipped": false
              },
              {
                "title": "data.name",
                "fullTitle": "Login /account/login data.name",
                "timedOut": false,
                "duration": 1,
                "state": "passed",
                "speed": "fast",
                "pass": true,
                "fail": false,
                "pending": false,
                "code": "response.body.data[0].should.have.property('name').not.to.be.empty\ndone();",
                "err": {},
                "isRoot": false,
                "uuid": "0be9948e-d1f4-4d14-bad7-1f9fc7f13e45",
                "parentUUID": "e35a7924-11be-475a-b9cd-3222ee0d4aa6",
                "isHook": false,
                "skipped": false
              },
              {
                "title": "data.status",
                "fullTitle": "Login /account/login data.status",
                "timedOut": false,
                "duration": 1,
                "state": "passed",
                "speed": "fast",
                "pass": true,
                "fail": false,
                "pending": false,
                "code": "response.body.data[0].should.have.property('status').not.to.be.NaN\ndone();",
                "err": {},
                "isRoot": false,
                "uuid": "aa718d26-4e49-48c9-abe8-3bff856dadea",
                "parentUUID": "e35a7924-11be-475a-b9cd-3222ee0d4aa6",
                "isHook": false,
                "skipped": false
              }
            ],
            "failures": [
              {
                "title": "data.phone",
                "fullTitle": "Login /account/login data.phone",
                "timedOut": false,
                "duration": 0,
                "state": "failed",
                "pass": false,
                "fail": true,
                "pending": false,
                "code": "response.body.data[0].should.have.property('phone').not.to.be.empty\ndone();",
                "err": {
                  "name": "AssertionError",
                  "message": ".empty was passed non-string primitive null",
                  "showDiff": false,
                  "estack": "AssertionError: .empty was passed non-string primitive null\n    at Context.<anonymous> (test/account.js:56:68)",
                  "stack": "AssertionError: .empty was passed non-string primitive null\n    at Context.<anonymous> (test/account.js:56:68)"
                },
                "isRoot": false,
                "uuid": "0d611ea7-2392-4f9a-9517-623cf3b307c1",
                "parentUUID": "e35a7924-11be-475a-b9cd-3222ee0d4aa6",
                "isHook": false,
                "skipped": false
              }
            ],
            "skipped": [],
            "hasTests": true,
            "hasFailedHooks": false,
            "hasSuites": false,
            "totalTests": 9,
            "totalPasses": 8,
            "totalFailures": 1,
            "totalPending": 0,
            "totalSkipped": 0,
            "hasPasses": true,
            "hasFailures": true,
            "hasPending": false,
            "hasSkipped": false,
            "duration": 44,
            "rootEmpty": false
          }
        ],
        "tests": [],
        "pending": [],
        "root": false,
        "_timeout": 2000,
        "file": "/test/account.js",
        "uuid": "b6b9768a-8dbd-478a-ab28-87023a20eaf0",
        "failedHooks": [],
        "fullFile": "/Users/k_bluehack/Kiosk-API-test/test/account.js",
        "passes": [],
        "failures": [],
        "skipped": [],
        "hasTests": false,
        "hasFailedHooks": false,
        "hasSuites": true,
        "totalTests": 0,
        "totalPasses": 0,
        "totalFailures": 0,
        "totalPending": 0,
        "totalSkipped": 0,
        "hasPasses": false,
        "hasFailures": false,
        "hasPending": false,
        "hasSkipped": false,
        "duration": 0,
        "rootEmpty": false
      },
      {
        "title": "Category",
        "suites": [
          {
            "title": "/category/list-menu",
            "suites": [],
            "tests": [
              {
                "title": "http status 200 check",
                "fullTitle": "Category /category/list-menu http status 200 check",
                "timedOut": false,
                "duration": 17,
                "state": "passed",
                "speed": "fast",
                "pass": true,
                "fail": false,
                "pending": false,
                "code": "chai.request(config.server.BASE_PATH)\n.post(config.api.categoryListMenu)\n    .set('content-type', 'application/json')\n    .send(body)\n    .end((err, res) => {\n        res.should.have.status(200)\n        response = res\n        done();\n});",
                "err": {},
                "isRoot": false,
                "uuid": "4ce1e12b-6115-4fc8-95ba-ece30d5bfa2a",
                "parentUUID": "798417df-417d-4e64-b1e4-75cbcf28d160",
                "isHook": false,
                "skipped": false
              },
              {
                "title": "data property existency check",
                "fullTitle": "Category /category/list-menu data property existency check",
                "timedOut": false,
                "duration": 1,
                "state": "passed",
                "speed": "fast",
                "pass": true,
                "fail": false,
                "pending": false,
                "code": "response.should.have.property('body');\ndone();",
                "err": {},
                "isRoot": false,
                "uuid": "5d935907-3b68-4f18-b102-f88c75f4549d",
                "parentUUID": "798417df-417d-4e64-b1e4-75cbcf28d160",
                "isHook": false,
                "skipped": false
              },
              {
                "title": "data null check",
                "fullTitle": "Category /category/list-menu data null check",
                "timedOut": false,
                "duration": 0,
                "state": "passed",
                "speed": "fast",
                "pass": true,
                "fail": false,
                "pending": false,
                "code": "expect(response.body).to.not.be.null;\ndone();",
                "err": {},
                "isRoot": false,
                "uuid": "593f39ca-5313-4796-bd33-7654931c7262",
                "parentUUID": "798417df-417d-4e64-b1e4-75cbcf28d160",
                "isHook": false,
                "skipped": false
              },
              {
                "title": "responseStatus 200 check",
                "fullTitle": "Category /category/list-menu responseStatus 200 check",
                "timedOut": false,
                "duration": 0,
                "state": "passed",
                "speed": "fast",
                "pass": true,
                "fail": false,
                "pending": false,
                "code": "response.body.should.have.property('responseStatus').eql(200)\ndone();",
                "err": {},
                "isRoot": false,
                "uuid": "5adbfcb4-5121-47e4-b99f-2debca84e309",
                "parentUUID": "798417df-417d-4e64-b1e4-75cbcf28d160",
                "isHook": false,
                "skipped": false
              },
              {
                "title": "data check",
                "fullTitle": "Category /category/list-menu data check",
                "timedOut": false,
                "duration": 1,
                "state": "passed",
                "speed": "fast",
                "pass": true,
                "fail": false,
                "pending": false,
                "code": "console.log(response.body.data)\nresponse.body.should.have.property('data').not.to.be.empty\ndone();",
                "err": {},
                "isRoot": false,
                "uuid": "f391a1d6-6c24-4d63-bc7a-a8943bd6a49a",
                "parentUUID": "798417df-417d-4e64-b1e4-75cbcf28d160",
                "isHook": false,
                "skipped": false
              },
              {
                "title": "data.sub_category_id",
                "fullTitle": "Category /category/list-menu data.sub_category_id",
                "timedOut": false,
                "duration": 0,
                "state": "passed",
                "speed": "fast",
                "pass": true,
                "fail": false,
                "pending": false,
                "code": "response.body.data[0].should.have.property('sub_category_id').not.to.be.empty\ndone();",
                "err": {},
                "isRoot": false,
                "uuid": "76cd73cb-96d1-40f0-a65d-94f0a83110a7",
                "parentUUID": "798417df-417d-4e64-b1e4-75cbcf28d160",
                "isHook": false,
                "skipped": false
              },
              {
                "title": "data.sub_category_name",
                "fullTitle": "Category /category/list-menu data.sub_category_name",
                "timedOut": false,
                "duration": 0,
                "state": "passed",
                "speed": "fast",
                "pass": true,
                "fail": false,
                "pending": false,
                "code": "response.body.data[0].should.have.property('sub_category_name').not.to.be.empty\ndone();",
                "err": {},
                "isRoot": false,
                "uuid": "3dbb8e9b-0b4f-446c-afc9-6b81d8cbadab",
                "parentUUID": "798417df-417d-4e64-b1e4-75cbcf28d160",
                "isHook": false,
                "skipped": false
              }
            ],
            "pending": [],
            "root": false,
            "_timeout": 2000,
            "file": "/test/category.js",
            "uuid": "798417df-417d-4e64-b1e4-75cbcf28d160",
            "failedHooks": [],
            "fullFile": "/Users/k_bluehack/Kiosk-API-test/test/category.js",
            "passes": [
              {
                "title": "http status 200 check",
                "fullTitle": "Category /category/list-menu http status 200 check",
                "timedOut": false,
                "duration": 17,
                "state": "passed",
                "speed": "fast",
                "pass": true,
                "fail": false,
                "pending": false,
                "code": "chai.request(config.server.BASE_PATH)\n.post(config.api.categoryListMenu)\n    .set('content-type', 'application/json')\n    .send(body)\n    .end((err, res) => {\n        res.should.have.status(200)\n        response = res\n        done();\n});",
                "err": {},
                "isRoot": false,
                "uuid": "4ce1e12b-6115-4fc8-95ba-ece30d5bfa2a",
                "parentUUID": "798417df-417d-4e64-b1e4-75cbcf28d160",
                "isHook": false,
                "skipped": false
              },
              {
                "title": "data property existency check",
                "fullTitle": "Category /category/list-menu data property existency check",
                "timedOut": false,
                "duration": 1,
                "state": "passed",
                "speed": "fast",
                "pass": true,
                "fail": false,
                "pending": false,
                "code": "response.should.have.property('body');\ndone();",
                "err": {},
                "isRoot": false,
                "uuid": "5d935907-3b68-4f18-b102-f88c75f4549d",
                "parentUUID": "798417df-417d-4e64-b1e4-75cbcf28d160",
                "isHook": false,
                "skipped": false
              },
              {
                "title": "data null check",
                "fullTitle": "Category /category/list-menu data null check",
                "timedOut": false,
                "duration": 0,
                "state": "passed",
                "speed": "fast",
                "pass": true,
                "fail": false,
                "pending": false,
                "code": "expect(response.body).to.not.be.null;\ndone();",
                "err": {},
                "isRoot": false,
                "uuid": "593f39ca-5313-4796-bd33-7654931c7262",
                "parentUUID": "798417df-417d-4e64-b1e4-75cbcf28d160",
                "isHook": false,
                "skipped": false
              },
              {
                "title": "responseStatus 200 check",
                "fullTitle": "Category /category/list-menu responseStatus 200 check",
                "timedOut": false,
                "duration": 0,
                "state": "passed",
                "speed": "fast",
                "pass": true,
                "fail": false,
                "pending": false,
                "code": "response.body.should.have.property('responseStatus').eql(200)\ndone();",
                "err": {},
                "isRoot": false,
                "uuid": "5adbfcb4-5121-47e4-b99f-2debca84e309",
                "parentUUID": "798417df-417d-4e64-b1e4-75cbcf28d160",
                "isHook": false,
                "skipped": false
              },
              {
                "title": "data check",
                "fullTitle": "Category /category/list-menu data check",
                "timedOut": false,
                "duration": 1,
                "state": "passed",
                "speed": "fast",
                "pass": true,
                "fail": false,
                "pending": false,
                "code": "console.log(response.body.data)\nresponse.body.should.have.property('data').not.to.be.empty\ndone();",
                "err": {},
                "isRoot": false,
                "uuid": "f391a1d6-6c24-4d63-bc7a-a8943bd6a49a",
                "parentUUID": "798417df-417d-4e64-b1e4-75cbcf28d160",
                "isHook": false,
                "skipped": false
              },
              {
                "title": "data.sub_category_id",
                "fullTitle": "Category /category/list-menu data.sub_category_id",
                "timedOut": false,
                "duration": 0,
                "state": "passed",
                "speed": "fast",
                "pass": true,
                "fail": false,
                "pending": false,
                "code": "response.body.data[0].should.have.property('sub_category_id').not.to.be.empty\ndone();",
                "err": {},
                "isRoot": false,
                "uuid": "76cd73cb-96d1-40f0-a65d-94f0a83110a7",
                "parentUUID": "798417df-417d-4e64-b1e4-75cbcf28d160",
                "isHook": false,
                "skipped": false
              },
              {
                "title": "data.sub_category_name",
                "fullTitle": "Category /category/list-menu data.sub_category_name",
                "timedOut": false,
                "duration": 0,
                "state": "passed",
                "speed": "fast",
                "pass": true,
                "fail": false,
                "pending": false,
                "code": "response.body.data[0].should.have.property('sub_category_name').not.to.be.empty\ndone();",
                "err": {},
                "isRoot": false,
                "uuid": "3dbb8e9b-0b4f-446c-afc9-6b81d8cbadab",
                "parentUUID": "798417df-417d-4e64-b1e4-75cbcf28d160",
                "isHook": false,
                "skipped": false
              }
            ],
            "failures": [],
            "skipped": [],
            "hasTests": true,
            "hasFailedHooks": false,
            "hasSuites": false,
            "totalTests": 7,
            "totalPasses": 7,
            "totalFailures": 0,
            "totalPending": 0,
            "totalSkipped": 0,
            "hasPasses": true,
            "hasFailures": false,
            "hasPending": false,
            "hasSkipped": false,
            "duration": 19,
            "rootEmpty": false
          }
        ],
        "tests": [],
        "pending": [],
        "root": false,
        "_timeout": 2000,
        "file": "/test/category.js",
        "uuid": "cc14c5fa-aaec-4e2b-bd56-853e6861f251",
        "failedHooks": [],
        "fullFile": "/Users/k_bluehack/Kiosk-API-test/test/category.js",
        "passes": [],
        "failures": [],
        "skipped": [],
        "hasTests": false,
        "hasFailedHooks": false,
        "hasSuites": true,
        "totalTests": 0,
        "totalPasses": 0,
        "totalFailures": 0,
        "totalPending": 0,
        "totalSkipped": 0,
        "hasPasses": false,
        "hasFailures": false,
        "hasPending": false,
        "hasSkipped": false,
        "duration": 0,
        "rootEmpty": false
      },
      {
        "title": "Menu",
        "suites": [
          {
            "title": "/menu/list",
            "suites": [],
            "tests": [
              {
                "title": "http status 200 check",
                "fullTitle": "Menu /menu/list http status 200 check",
                "timedOut": false,
                "duration": 24,
                "state": "passed",
                "speed": "fast",
                "pass": true,
                "fail": false,
                "pending": false,
                "code": "chai.request(config.server.BASE_PATH)\n.post(config.api.menuList)\n    .set('content-type', 'application/json')\n    .send(body)\n    .end((err, res) => {\n        res.should.have.status(200)\n        response = res\n        done();\n});",
                "err": {},
                "isRoot": false,
                "uuid": "c246ac36-5c9f-424d-971c-b7152c052cff",
                "parentUUID": "5454abb6-fc07-445b-844f-07361bf33d5b",
                "isHook": false,
                "skipped": false
              },
              {
                "title": "data property existency check",
                "fullTitle": "Menu /menu/list data property existency check",
                "timedOut": false,
                "duration": 0,
                "state": "passed",
                "speed": "fast",
                "pass": true,
                "fail": false,
                "pending": false,
                "code": "response.should.have.property('body');\ndone();",
                "err": {},
                "isRoot": false,
                "uuid": "c5528b2d-a3d2-4fe2-bbc2-a25a802c9647",
                "parentUUID": "5454abb6-fc07-445b-844f-07361bf33d5b",
                "isHook": false,
                "skipped": false
              },
              {
                "title": "data null check",
                "fullTitle": "Menu /menu/list data null check",
                "timedOut": false,
                "duration": 1,
                "state": "passed",
                "speed": "fast",
                "pass": true,
                "fail": false,
                "pending": false,
                "code": "expect(response.body).to.not.be.null;\ndone();",
                "err": {},
                "isRoot": false,
                "uuid": "5318330c-7e51-4306-b1c3-7b2c47568e12",
                "parentUUID": "5454abb6-fc07-445b-844f-07361bf33d5b",
                "isHook": false,
                "skipped": false
              },
              {
                "title": "responseStatus 200 check",
                "fullTitle": "Menu /menu/list responseStatus 200 check",
                "timedOut": false,
                "duration": 0,
                "state": "passed",
                "speed": "fast",
                "pass": true,
                "fail": false,
                "pending": false,
                "code": "response.body.should.have.property('responseStatus').eql(200)\ndone();",
                "err": {},
                "isRoot": false,
                "uuid": "b4f03b73-e46f-43da-bf4e-2a093a63f4a8",
                "parentUUID": "5454abb6-fc07-445b-844f-07361bf33d5b",
                "isHook": false,
                "skipped": false
              },
              {
                "title": "data check",
                "fullTitle": "Menu /menu/list data check",
                "timedOut": false,
                "duration": 0,
                "state": "passed",
                "speed": "fast",
                "pass": true,
                "fail": false,
                "pending": false,
                "code": "// console.log(response.body.data)\nresponse.body.should.have.property('data').not.to.be.empty\ndone();",
                "err": {},
                "isRoot": false,
                "uuid": "91e97a0e-02fd-46e3-974f-f50522619d9c",
                "parentUUID": "5454abb6-fc07-445b-844f-07361bf33d5b",
                "isHook": false,
                "skipped": false
              },
              {
                "title": "data.sub_category_id",
                "fullTitle": "Menu /menu/list data.sub_category_id",
                "timedOut": false,
                "duration": 0,
                "state": "passed",
                "speed": "fast",
                "pass": true,
                "fail": false,
                "pending": false,
                "code": "console.log(response.body.data[0].sub_category_id)\nresponse.body.data[1].should.have.property('sub_category_id').not.to.be.empty\ndone();",
                "err": {},
                "isRoot": false,
                "uuid": "8ad13887-b1cb-4520-bc0b-d835d6cab343",
                "parentUUID": "5454abb6-fc07-445b-844f-07361bf33d5b",
                "isHook": false,
                "skipped": false
              },
              {
                "title": "data.menu_id",
                "fullTitle": "Menu /menu/list data.menu_id",
                "timedOut": false,
                "duration": 0,
                "state": "passed",
                "speed": "fast",
                "pass": true,
                "fail": false,
                "pending": false,
                "code": "response.body.data[1].should.have.property('menu_id').not.to.be.empty\ndone();",
                "err": {},
                "isRoot": false,
                "uuid": "d57a469c-bc3d-40f9-8df0-dd2e74fff124",
                "parentUUID": "5454abb6-fc07-445b-844f-07361bf33d5b",
                "isHook": false,
                "skipped": false
              },
              {
                "title": "data.stage_id",
                "fullTitle": "Menu /menu/list data.stage_id",
                "timedOut": false,
                "duration": 0,
                "state": "passed",
                "speed": "fast",
                "pass": true,
                "fail": false,
                "pending": false,
                "code": "response.body.data[1].should.have.property('stage_id').not.to.be.empty\ndone();",
                "err": {},
                "isRoot": false,
                "uuid": "5432142b-9a4b-4946-920c-6700c841398e",
                "parentUUID": "5454abb6-fc07-445b-844f-07361bf33d5b",
                "isHook": false,
                "skipped": false
              },
              {
                "title": "data.m_item",
                "fullTitle": "Menu /menu/list data.m_item",
                "timedOut": false,
                "duration": 0,
                "state": "passed",
                "speed": "fast",
                "pass": true,
                "fail": false,
                "pending": false,
                "code": "response.body.data[1].should.have.property('m_item').not.to.be.empty\ndone();",
                "err": {},
                "isRoot": false,
                "uuid": "c450278d-9bb5-4dfc-8941-d05681bb199c",
                "parentUUID": "5454abb6-fc07-445b-844f-07361bf33d5b",
                "isHook": false,
                "skipped": false
              },
              {
                "title": "data.m_type",
                "fullTitle": "Menu /menu/list data.m_type",
                "timedOut": false,
                "duration": 0,
                "state": "passed",
                "speed": "fast",
                "pass": true,
                "fail": false,
                "pending": false,
                "code": "response.body.data[1].should.have.property('m_type').not.to.be.NaN\ndone();",
                "err": {},
                "isRoot": false,
                "uuid": "9daf26f4-8cb3-4927-be31-3a11e3a0ed3b",
                "parentUUID": "5454abb6-fc07-445b-844f-07361bf33d5b",
                "isHook": false,
                "skipped": false
              },
              {
                "title": "data.price",
                "fullTitle": "Menu /menu/list data.price",
                "timedOut": false,
                "duration": 0,
                "state": "passed",
                "speed": "fast",
                "pass": true,
                "fail": false,
                "pending": false,
                "code": "response.body.data[1].should.have.property('price').not.to.be.NaN\ndone();",
                "err": {},
                "isRoot": false,
                "uuid": "6f44f0e6-e50a-4005-afc6-08aeae64809a",
                "parentUUID": "5454abb6-fc07-445b-844f-07361bf33d5b",
                "isHook": false,
                "skipped": false
              },
              {
                "title": "data.points",
                "fullTitle": "Menu /menu/list data.points",
                "timedOut": false,
                "duration": 0,
                "state": "passed",
                "speed": "fast",
                "pass": true,
                "fail": false,
                "pending": false,
                "code": "response.body.data[1].should.have.property('points')\ndone();",
                "err": {},
                "isRoot": false,
                "uuid": "1c7c3afd-899e-4dcc-ab3e-95a19aac774e",
                "parentUUID": "5454abb6-fc07-445b-844f-07361bf33d5b",
                "isHook": false,
                "skipped": false
              },
              {
                "title": "data.calory",
                "fullTitle": "Menu /menu/list data.calory",
                "timedOut": false,
                "duration": 0,
                "state": "passed",
                "speed": "fast",
                "pass": true,
                "fail": false,
                "pending": false,
                "code": "response.body.data[1].should.have.property('calory').not.to.be.NaN\ndone();",
                "err": {},
                "isRoot": false,
                "uuid": "f5f46ee4-be1b-45a3-86a5-a8b3ded46f59",
                "parentUUID": "5454abb6-fc07-445b-844f-07361bf33d5b",
                "isHook": false,
                "skipped": false
              },
              {
                "title": "data.use_YN",
                "fullTitle": "Menu /menu/list data.use_YN",
                "timedOut": false,
                "duration": 0,
                "state": "passed",
                "speed": "fast",
                "pass": true,
                "fail": false,
                "pending": false,
                "code": "response.body.data[1].should.have.property('use_YN').not.to.be.empty\ndone();",
                "err": {},
                "isRoot": false,
                "uuid": "1eb9ee4b-5b9c-4388-9bb8-e8fb3f5d02c2",
                "parentUUID": "5454abb6-fc07-445b-844f-07361bf33d5b",
                "isHook": false,
                "skipped": false
              },
              {
                "title": "data.file_id",
                "fullTitle": "Menu /menu/list data.file_id",
                "timedOut": false,
                "duration": 0,
                "state": "passed",
                "speed": "fast",
                "pass": true,
                "fail": false,
                "pending": false,
                "code": "response.body.data[1].should.have.property('file_id').not.to.be.empty\ndone();",
                "err": {},
                "isRoot": false,
                "uuid": "cf9c7b8a-7ed6-4fa2-bd93-98d18ba46df8",
                "parentUUID": "5454abb6-fc07-445b-844f-07361bf33d5b",
                "isHook": false,
                "skipped": false
              }
            ],
            "pending": [],
            "root": false,
            "_timeout": 2000,
            "file": "/test/menu.js",
            "uuid": "5454abb6-fc07-445b-844f-07361bf33d5b",
            "failedHooks": [],
            "fullFile": "/Users/k_bluehack/Kiosk-API-test/test/menu.js",
            "passes": [
              {
                "title": "http status 200 check",
                "fullTitle": "Menu /menu/list http status 200 check",
                "timedOut": false,
                "duration": 24,
                "state": "passed",
                "speed": "fast",
                "pass": true,
                "fail": false,
                "pending": false,
                "code": "chai.request(config.server.BASE_PATH)\n.post(config.api.menuList)\n    .set('content-type', 'application/json')\n    .send(body)\n    .end((err, res) => {\n        res.should.have.status(200)\n        response = res\n        done();\n});",
                "err": {},
                "isRoot": false,
                "uuid": "c246ac36-5c9f-424d-971c-b7152c052cff",
                "parentUUID": "5454abb6-fc07-445b-844f-07361bf33d5b",
                "isHook": false,
                "skipped": false
              },
              {
                "title": "data property existency check",
                "fullTitle": "Menu /menu/list data property existency check",
                "timedOut": false,
                "duration": 0,
                "state": "passed",
                "speed": "fast",
                "pass": true,
                "fail": false,
                "pending": false,
                "code": "response.should.have.property('body');\ndone();",
                "err": {},
                "isRoot": false,
                "uuid": "c5528b2d-a3d2-4fe2-bbc2-a25a802c9647",
                "parentUUID": "5454abb6-fc07-445b-844f-07361bf33d5b",
                "isHook": false,
                "skipped": false
              },
              {
                "title": "data null check",
                "fullTitle": "Menu /menu/list data null check",
                "timedOut": false,
                "duration": 1,
                "state": "passed",
                "speed": "fast",
                "pass": true,
                "fail": false,
                "pending": false,
                "code": "expect(response.body).to.not.be.null;\ndone();",
                "err": {},
                "isRoot": false,
                "uuid": "5318330c-7e51-4306-b1c3-7b2c47568e12",
                "parentUUID": "5454abb6-fc07-445b-844f-07361bf33d5b",
                "isHook": false,
                "skipped": false
              },
              {
                "title": "responseStatus 200 check",
                "fullTitle": "Menu /menu/list responseStatus 200 check",
                "timedOut": false,
                "duration": 0,
                "state": "passed",
                "speed": "fast",
                "pass": true,
                "fail": false,
                "pending": false,
                "code": "response.body.should.have.property('responseStatus').eql(200)\ndone();",
                "err": {},
                "isRoot": false,
                "uuid": "b4f03b73-e46f-43da-bf4e-2a093a63f4a8",
                "parentUUID": "5454abb6-fc07-445b-844f-07361bf33d5b",
                "isHook": false,
                "skipped": false
              },
              {
                "title": "data check",
                "fullTitle": "Menu /menu/list data check",
                "timedOut": false,
                "duration": 0,
                "state": "passed",
                "speed": "fast",
                "pass": true,
                "fail": false,
                "pending": false,
                "code": "// console.log(response.body.data)\nresponse.body.should.have.property('data').not.to.be.empty\ndone();",
                "err": {},
                "isRoot": false,
                "uuid": "91e97a0e-02fd-46e3-974f-f50522619d9c",
                "parentUUID": "5454abb6-fc07-445b-844f-07361bf33d5b",
                "isHook": false,
                "skipped": false
              },
              {
                "title": "data.sub_category_id",
                "fullTitle": "Menu /menu/list data.sub_category_id",
                "timedOut": false,
                "duration": 0,
                "state": "passed",
                "speed": "fast",
                "pass": true,
                "fail": false,
                "pending": false,
                "code": "console.log(response.body.data[0].sub_category_id)\nresponse.body.data[1].should.have.property('sub_category_id').not.to.be.empty\ndone();",
                "err": {},
                "isRoot": false,
                "uuid": "8ad13887-b1cb-4520-bc0b-d835d6cab343",
                "parentUUID": "5454abb6-fc07-445b-844f-07361bf33d5b",
                "isHook": false,
                "skipped": false
              },
              {
                "title": "data.menu_id",
                "fullTitle": "Menu /menu/list data.menu_id",
                "timedOut": false,
                "duration": 0,
                "state": "passed",
                "speed": "fast",
                "pass": true,
                "fail": false,
                "pending": false,
                "code": "response.body.data[1].should.have.property('menu_id').not.to.be.empty\ndone();",
                "err": {},
                "isRoot": false,
                "uuid": "d57a469c-bc3d-40f9-8df0-dd2e74fff124",
                "parentUUID": "5454abb6-fc07-445b-844f-07361bf33d5b",
                "isHook": false,
                "skipped": false
              },
              {
                "title": "data.stage_id",
                "fullTitle": "Menu /menu/list data.stage_id",
                "timedOut": false,
                "duration": 0,
                "state": "passed",
                "speed": "fast",
                "pass": true,
                "fail": false,
                "pending": false,
                "code": "response.body.data[1].should.have.property('stage_id').not.to.be.empty\ndone();",
                "err": {},
                "isRoot": false,
                "uuid": "5432142b-9a4b-4946-920c-6700c841398e",
                "parentUUID": "5454abb6-fc07-445b-844f-07361bf33d5b",
                "isHook": false,
                "skipped": false
              },
              {
                "title": "data.m_item",
                "fullTitle": "Menu /menu/list data.m_item",
                "timedOut": false,
                "duration": 0,
                "state": "passed",
                "speed": "fast",
                "pass": true,
                "fail": false,
                "pending": false,
                "code": "response.body.data[1].should.have.property('m_item').not.to.be.empty\ndone();",
                "err": {},
                "isRoot": false,
                "uuid": "c450278d-9bb5-4dfc-8941-d05681bb199c",
                "parentUUID": "5454abb6-fc07-445b-844f-07361bf33d5b",
                "isHook": false,
                "skipped": false
              },
              {
                "title": "data.m_type",
                "fullTitle": "Menu /menu/list data.m_type",
                "timedOut": false,
                "duration": 0,
                "state": "passed",
                "speed": "fast",
                "pass": true,
                "fail": false,
                "pending": false,
                "code": "response.body.data[1].should.have.property('m_type').not.to.be.NaN\ndone();",
                "err": {},
                "isRoot": false,
                "uuid": "9daf26f4-8cb3-4927-be31-3a11e3a0ed3b",
                "parentUUID": "5454abb6-fc07-445b-844f-07361bf33d5b",
                "isHook": false,
                "skipped": false
              },
              {
                "title": "data.price",
                "fullTitle": "Menu /menu/list data.price",
                "timedOut": false,
                "duration": 0,
                "state": "passed",
                "speed": "fast",
                "pass": true,
                "fail": false,
                "pending": false,
                "code": "response.body.data[1].should.have.property('price').not.to.be.NaN\ndone();",
                "err": {},
                "isRoot": false,
                "uuid": "6f44f0e6-e50a-4005-afc6-08aeae64809a",
                "parentUUID": "5454abb6-fc07-445b-844f-07361bf33d5b",
                "isHook": false,
                "skipped": false
              },
              {
                "title": "data.points",
                "fullTitle": "Menu /menu/list data.points",
                "timedOut": false,
                "duration": 0,
                "state": "passed",
                "speed": "fast",
                "pass": true,
                "fail": false,
                "pending": false,
                "code": "response.body.data[1].should.have.property('points')\ndone();",
                "err": {},
                "isRoot": false,
                "uuid": "1c7c3afd-899e-4dcc-ab3e-95a19aac774e",
                "parentUUID": "5454abb6-fc07-445b-844f-07361bf33d5b",
                "isHook": false,
                "skipped": false
              },
              {
                "title": "data.calory",
                "fullTitle": "Menu /menu/list data.calory",
                "timedOut": false,
                "duration": 0,
                "state": "passed",
                "speed": "fast",
                "pass": true,
                "fail": false,
                "pending": false,
                "code": "response.body.data[1].should.have.property('calory').not.to.be.NaN\ndone();",
                "err": {},
                "isRoot": false,
                "uuid": "f5f46ee4-be1b-45a3-86a5-a8b3ded46f59",
                "parentUUID": "5454abb6-fc07-445b-844f-07361bf33d5b",
                "isHook": false,
                "skipped": false
              },
              {
                "title": "data.use_YN",
                "fullTitle": "Menu /menu/list data.use_YN",
                "timedOut": false,
                "duration": 0,
                "state": "passed",
                "speed": "fast",
                "pass": true,
                "fail": false,
                "pending": false,
                "code": "response.body.data[1].should.have.property('use_YN').not.to.be.empty\ndone();",
                "err": {},
                "isRoot": false,
                "uuid": "1eb9ee4b-5b9c-4388-9bb8-e8fb3f5d02c2",
                "parentUUID": "5454abb6-fc07-445b-844f-07361bf33d5b",
                "isHook": false,
                "skipped": false
              },
              {
                "title": "data.file_id",
                "fullTitle": "Menu /menu/list data.file_id",
                "timedOut": false,
                "duration": 0,
                "state": "passed",
                "speed": "fast",
                "pass": true,
                "fail": false,
                "pending": false,
                "code": "response.body.data[1].should.have.property('file_id').not.to.be.empty\ndone();",
                "err": {},
                "isRoot": false,
                "uuid": "cf9c7b8a-7ed6-4fa2-bd93-98d18ba46df8",
                "parentUUID": "5454abb6-fc07-445b-844f-07361bf33d5b",
                "isHook": false,
                "skipped": false
              }
            ],
            "failures": [],
            "skipped": [],
            "hasTests": true,
            "hasFailedHooks": false,
            "hasSuites": false,
            "totalTests": 15,
            "totalPasses": 15,
            "totalFailures": 0,
            "totalPending": 0,
            "totalSkipped": 0,
            "hasPasses": true,
            "hasFailures": false,
            "hasPending": false,
            "hasSkipped": false,
            "duration": 25,
            "rootEmpty": false
          },
          {
            "title": "/menu/detail",
            "suites": [],
            "tests": [
              {
                "title": "http status 200 check",
                "fullTitle": "Menu /menu/detail http status 200 check",
                "timedOut": false,
                "duration": 15,
                "state": "passed",
                "speed": "fast",
                "pass": true,
                "fail": false,
                "pending": false,
                "code": "chai.request(config.server.BASE_PATH)\n    .post(config.api.menuDetail)\n    .set('content-type', 'application/json')\n    .send(body)\n    .end((err, res) => {\n    res.should.have.status(200)\n  response = res\nconsole.log(response.body.data[0])\n  done();\n});",
                "err": {},
                "isRoot": false,
                "uuid": "f0415b9b-9c3a-4182-bf03-b1065db56e97",
                "parentUUID": "48fab355-00fe-4d92-9244-09cb2bb1bda0",
                "isHook": false,
                "skipped": false
              },
              {
                "title": "data property existency check",
                "fullTitle": "Menu /menu/detail data property existency check",
                "timedOut": false,
                "duration": 0,
                "state": "passed",
                "speed": "fast",
                "pass": true,
                "fail": false,
                "pending": false,
                "code": "response.should.have.property('body');\ndone();",
                "err": {},
                "isRoot": false,
                "uuid": "c7117496-6d09-4118-a55c-b121c53f8d0a",
                "parentUUID": "48fab355-00fe-4d92-9244-09cb2bb1bda0",
                "isHook": false,
                "skipped": false
              },
              {
                "title": "data null check",
                "fullTitle": "Menu /menu/detail data null check",
                "timedOut": false,
                "duration": 0,
                "state": "passed",
                "speed": "fast",
                "pass": true,
                "fail": false,
                "pending": false,
                "code": "expect(response.body).to.not.be.null;\ndone();",
                "err": {},
                "isRoot": false,
                "uuid": "5496b327-e2e4-44b6-9d17-081ea464589c",
                "parentUUID": "48fab355-00fe-4d92-9244-09cb2bb1bda0",
                "isHook": false,
                "skipped": false
              },
              {
                "title": "responseStatus 200 check",
                "fullTitle": "Menu /menu/detail responseStatus 200 check",
                "timedOut": false,
                "duration": 0,
                "state": "passed",
                "speed": "fast",
                "pass": true,
                "fail": false,
                "pending": false,
                "code": "response.body.should.have.property('responseStatus').eql(200)\ndone();",
                "err": {},
                "isRoot": false,
                "uuid": "d2815605-6cf8-488c-b1a0-1f5cdc4895ac",
                "parentUUID": "48fab355-00fe-4d92-9244-09cb2bb1bda0",
                "isHook": false,
                "skipped": false
              },
              {
                "title": "data check",
                "fullTitle": "Menu /menu/detail data check",
                "timedOut": false,
                "duration": 0,
                "state": "passed",
                "speed": "fast",
                "pass": true,
                "fail": false,
                "pending": false,
                "code": "response.body.should.have.property('data').not.to.be.empty\ndone();",
                "err": {},
                "isRoot": false,
                "uuid": "5eae5153-e04c-4aff-8ea2-289c8cdea876",
                "parentUUID": "48fab355-00fe-4d92-9244-09cb2bb1bda0",
                "isHook": false,
                "skipped": false
              },
              {
                "title": "data.sub_category_id",
                "fullTitle": "Menu /menu/detail data.sub_category_id",
                "timedOut": false,
                "duration": 1,
                "state": "passed",
                "speed": "fast",
                "pass": true,
                "fail": false,
                "pending": false,
                "code": "console.log(response.body.data[0].sub_category_id)\nresponse.body.data[0].should.have.property('sub_category_id').not.to.be.empty\ndone();",
                "err": {},
                "isRoot": false,
                "uuid": "5a8be123-b422-41e7-9f28-13875adaff25",
                "parentUUID": "48fab355-00fe-4d92-9244-09cb2bb1bda0",
                "isHook": false,
                "skipped": false
              },
              {
                "title": "data.menu_id",
                "fullTitle": "Menu /menu/detail data.menu_id",
                "timedOut": false,
                "duration": 0,
                "state": "passed",
                "speed": "fast",
                "pass": true,
                "fail": false,
                "pending": false,
                "code": "console.log(response.body.data[0].menu_id)\nresponse.body.data[0].should.have.property('menu_id').not.to.be.empty\ndone();",
                "err": {},
                "isRoot": false,
                "uuid": "c8e690b1-2163-4d37-9be8-5afcb2104c09",
                "parentUUID": "48fab355-00fe-4d92-9244-09cb2bb1bda0",
                "isHook": false,
                "skipped": false
              },
              {
                "title": "data.stage_id",
                "fullTitle": "Menu /menu/detail data.stage_id",
                "timedOut": false,
                "duration": 0,
                "state": "passed",
                "speed": "fast",
                "pass": true,
                "fail": false,
                "pending": false,
                "code": "response.body.data[0].should.have.property('stage_id').not.to.be.empty\ndone();",
                "err": {},
                "isRoot": false,
                "uuid": "a30d5ab9-9cb7-411c-bfe2-e3d78dd535d6",
                "parentUUID": "48fab355-00fe-4d92-9244-09cb2bb1bda0",
                "isHook": false,
                "skipped": false
              },
              {
                "title": "data.m_item",
                "fullTitle": "Menu /menu/detail data.m_item",
                "timedOut": false,
                "duration": 1,
                "state": "passed",
                "speed": "fast",
                "pass": true,
                "fail": false,
                "pending": false,
                "code": "response.body.data[0].should.have.property('m_item').not.to.be.empty\ndone();",
                "err": {},
                "isRoot": false,
                "uuid": "c6ab7528-7641-4213-8bb8-4d20e8d4f77b",
                "parentUUID": "48fab355-00fe-4d92-9244-09cb2bb1bda0",
                "isHook": false,
                "skipped": false
              },
              {
                "title": "data.m_type",
                "fullTitle": "Menu /menu/detail data.m_type",
                "timedOut": false,
                "duration": 0,
                "state": "passed",
                "speed": "fast",
                "pass": true,
                "fail": false,
                "pending": false,
                "code": "response.body.data[0].should.have.property('m_type').not.to.be.NaN\ndone();",
                "err": {},
                "isRoot": false,
                "uuid": "a0a9c73f-9dd9-483c-b58d-9a359f2f50cc",
                "parentUUID": "48fab355-00fe-4d92-9244-09cb2bb1bda0",
                "isHook": false,
                "skipped": false
              },
              {
                "title": "data.price",
                "fullTitle": "Menu /menu/detail data.price",
                "timedOut": false,
                "duration": 0,
                "state": "passed",
                "speed": "fast",
                "pass": true,
                "fail": false,
                "pending": false,
                "code": "response.body.data[0].should.have.property('price').not.to.be.NaN\ndone();",
                "err": {},
                "isRoot": false,
                "uuid": "e7448ae5-b03d-444f-95d3-89d3977d186c",
                "parentUUID": "48fab355-00fe-4d92-9244-09cb2bb1bda0",
                "isHook": false,
                "skipped": false
              },
              {
                "title": "data.points",
                "fullTitle": "Menu /menu/detail data.points",
                "timedOut": false,
                "duration": 0,
                "state": "passed",
                "speed": "fast",
                "pass": true,
                "fail": false,
                "pending": false,
                "code": "response.body.data[0].should.have.property('points')\ndone();",
                "err": {},
                "isRoot": false,
                "uuid": "e7a95116-4d00-41ce-8afb-381d57ae338c",
                "parentUUID": "48fab355-00fe-4d92-9244-09cb2bb1bda0",
                "isHook": false,
                "skipped": false
              },
              {
                "title": "data.calory",
                "fullTitle": "Menu /menu/detail data.calory",
                "timedOut": false,
                "duration": 0,
                "state": "passed",
                "speed": "fast",
                "pass": true,
                "fail": false,
                "pending": false,
                "code": "response.body.data[0].should.have.property('calory').not.to.be.NaN\ndone();",
                "err": {},
                "isRoot": false,
                "uuid": "1cea8120-def6-4683-b1cd-9fffed2589cd",
                "parentUUID": "48fab355-00fe-4d92-9244-09cb2bb1bda0",
                "isHook": false,
                "skipped": false
              },
              {
                "title": "data.file_id",
                "fullTitle": "Menu /menu/detail data.file_id",
                "timedOut": false,
                "duration": 0,
                "state": "passed",
                "speed": "fast",
                "pass": true,
                "fail": false,
                "pending": false,
                "code": "response.body.data[0].should.have.property('file_id').not.to.be.empty\ndone();",
                "err": {},
                "isRoot": false,
                "uuid": "3ab5c89e-b681-4435-b9ef-db8150c8c5ae",
                "parentUUID": "48fab355-00fe-4d92-9244-09cb2bb1bda0",
                "isHook": false,
                "skipped": false
              },
              {
                "title": "data.options null check",
                "fullTitle": "Menu /menu/detail data.options null check",
                "timedOut": false,
                "duration": 0,
                "state": "passed",
                "speed": "fast",
                "pass": true,
                "fail": false,
                "pending": false,
                "code": "response.body.data[0].should.have.property('options').not.to.be.empty\ndone();",
                "err": {},
                "isRoot": false,
                "uuid": "ea2596b1-3b32-427f-a3f9-e9309aa8c751",
                "parentUUID": "48fab355-00fe-4d92-9244-09cb2bb1bda0",
                "isHook": false,
                "skipped": false
              },
              {
                "title": "data.options.category_id",
                "fullTitle": "Menu /menu/detail data.options.category_id",
                "timedOut": false,
                "duration": 1,
                "state": "passed",
                "speed": "fast",
                "pass": true,
                "fail": false,
                "pending": false,
                "code": "response.body.data[0].options[0].should.have.property('category_id').not.to.be.empty\ndone();",
                "err": {},
                "isRoot": false,
                "uuid": "ba2bf8ca-7b50-43c9-92e7-c2f94db72f68",
                "parentUUID": "48fab355-00fe-4d92-9244-09cb2bb1bda0",
                "isHook": false,
                "skipped": false
              },
              {
                "title": "data.options.category_name",
                "fullTitle": "Menu /menu/detail data.options.category_name",
                "timedOut": false,
                "duration": 0,
                "state": "passed",
                "speed": "fast",
                "pass": true,
                "fail": false,
                "pending": false,
                "code": "response.body.data[0].options[0].should.have.property('category_name').not.to.be.empty\ndone();",
                "err": {},
                "isRoot": false,
                "uuid": "da2d8aca-d317-4220-901c-0b87db5f8c4c",
                "parentUUID": "48fab355-00fe-4d92-9244-09cb2bb1bda0",
                "isHook": false,
                "skipped": false
              },
              {
                "title": "data.options.option_type",
                "fullTitle": "Menu /menu/detail data.options.option_type",
                "timedOut": false,
                "duration": 1,
                "state": "passed",
                "speed": "fast",
                "pass": true,
                "fail": false,
                "pending": false,
                "code": "response.body.data[0].options[0].should.have.property('option_type').not.to.be.NaN\ndone();",
                "err": {},
                "isRoot": false,
                "uuid": "9d6e3d93-b760-4bd1-9600-c4108f713441",
                "parentUUID": "48fab355-00fe-4d92-9244-09cb2bb1bda0",
                "isHook": false,
                "skipped": false
              },
              {
                "title": "data.options.data null check",
                "fullTitle": "Menu /menu/detail data.options.data null check",
                "timedOut": false,
                "duration": 1,
                "state": "passed",
                "speed": "fast",
                "pass": true,
                "fail": false,
                "pending": false,
                "code": "console.log(response.body.data[0].options[0])\nresponse.body.data[0].options[0].should.have.property('data').not.to.be.empty\ndone();",
                "err": {},
                "isRoot": false,
                "uuid": "517956f0-9280-4311-a339-613db2418d77",
                "parentUUID": "48fab355-00fe-4d92-9244-09cb2bb1bda0",
                "isHook": false,
                "skipped": false
              },
              {
                "title": "data.options.data.id",
                "fullTitle": "Menu /menu/detail data.options.data.id",
                "timedOut": false,
                "duration": 0,
                "state": "passed",
                "speed": "fast",
                "pass": true,
                "fail": false,
                "pending": false,
                "code": "console.log(response.body.data[0].options[0].data[0].id)\nresponse.body.data[0].options[0].data[0].should.have.property('id').not.to.be.empty\ndone();",
                "err": {},
                "isRoot": false,
                "uuid": "63d082a9-5af7-4f17-a290-97343ce2c923",
                "parentUUID": "48fab355-00fe-4d92-9244-09cb2bb1bda0",
                "isHook": false,
                "skipped": false
              },
              {
                "title": "data.options.data.option",
                "fullTitle": "Menu /menu/detail data.options.data.option",
                "timedOut": false,
                "duration": 0,
                "state": "passed",
                "speed": "fast",
                "pass": true,
                "fail": false,
                "pending": false,
                "code": "response.body.data[0].options[0].data[0].should.have.property('option').not.to.be.empty\ndone();",
                "err": {},
                "isRoot": false,
                "uuid": "17d6d5df-b1b7-4f79-afe2-caef0ec2f1ff",
                "parentUUID": "48fab355-00fe-4d92-9244-09cb2bb1bda0",
                "isHook": false,
                "skipped": false
              },
              {
                "title": "data.options.data.price",
                "fullTitle": "Menu /menu/detail data.options.data.price",
                "timedOut": false,
                "duration": 0,
                "state": "passed",
                "speed": "fast",
                "pass": true,
                "fail": false,
                "pending": false,
                "code": "response.body.data[0].options[0].data[0].should.have.property('price').not.to.be.NaN\ndone();",
                "err": {},
                "isRoot": false,
                "uuid": "9679d2d1-bfa4-4d56-8e53-45589a5a90aa",
                "parentUUID": "48fab355-00fe-4d92-9244-09cb2bb1bda0",
                "isHook": false,
                "skipped": false
              }
            ],
            "pending": [],
            "root": false,
            "_timeout": 2000,
            "file": "/test/menu.js",
            "uuid": "48fab355-00fe-4d92-9244-09cb2bb1bda0",
            "failedHooks": [],
            "fullFile": "/Users/k_bluehack/Kiosk-API-test/test/menu.js",
            "passes": [
              {
                "title": "http status 200 check",
                "fullTitle": "Menu /menu/detail http status 200 check",
                "timedOut": false,
                "duration": 15,
                "state": "passed",
                "speed": "fast",
                "pass": true,
                "fail": false,
                "pending": false,
                "code": "chai.request(config.server.BASE_PATH)\n    .post(config.api.menuDetail)\n    .set('content-type', 'application/json')\n    .send(body)\n    .end((err, res) => {\n    res.should.have.status(200)\n  response = res\nconsole.log(response.body.data[0])\n  done();\n});",
                "err": {},
                "isRoot": false,
                "uuid": "f0415b9b-9c3a-4182-bf03-b1065db56e97",
                "parentUUID": "48fab355-00fe-4d92-9244-09cb2bb1bda0",
                "isHook": false,
                "skipped": false
              },
              {
                "title": "data property existency check",
                "fullTitle": "Menu /menu/detail data property existency check",
                "timedOut": false,
                "duration": 0,
                "state": "passed",
                "speed": "fast",
                "pass": true,
                "fail": false,
                "pending": false,
                "code": "response.should.have.property('body');\ndone();",
                "err": {},
                "isRoot": false,
                "uuid": "c7117496-6d09-4118-a55c-b121c53f8d0a",
                "parentUUID": "48fab355-00fe-4d92-9244-09cb2bb1bda0",
                "isHook": false,
                "skipped": false
              },
              {
                "title": "data null check",
                "fullTitle": "Menu /menu/detail data null check",
                "timedOut": false,
                "duration": 0,
                "state": "passed",
                "speed": "fast",
                "pass": true,
                "fail": false,
                "pending": false,
                "code": "expect(response.body).to.not.be.null;\ndone();",
                "err": {},
                "isRoot": false,
                "uuid": "5496b327-e2e4-44b6-9d17-081ea464589c",
                "parentUUID": "48fab355-00fe-4d92-9244-09cb2bb1bda0",
                "isHook": false,
                "skipped": false
              },
              {
                "title": "responseStatus 200 check",
                "fullTitle": "Menu /menu/detail responseStatus 200 check",
                "timedOut": false,
                "duration": 0,
                "state": "passed",
                "speed": "fast",
                "pass": true,
                "fail": false,
                "pending": false,
                "code": "response.body.should.have.property('responseStatus').eql(200)\ndone();",
                "err": {},
                "isRoot": false,
                "uuid": "d2815605-6cf8-488c-b1a0-1f5cdc4895ac",
                "parentUUID": "48fab355-00fe-4d92-9244-09cb2bb1bda0",
                "isHook": false,
                "skipped": false
              },
              {
                "title": "data check",
                "fullTitle": "Menu /menu/detail data check",
                "timedOut": false,
                "duration": 0,
                "state": "passed",
                "speed": "fast",
                "pass": true,
                "fail": false,
                "pending": false,
                "code": "response.body.should.have.property('data').not.to.be.empty\ndone();",
                "err": {},
                "isRoot": false,
                "uuid": "5eae5153-e04c-4aff-8ea2-289c8cdea876",
                "parentUUID": "48fab355-00fe-4d92-9244-09cb2bb1bda0",
                "isHook": false,
                "skipped": false
              },
              {
                "title": "data.sub_category_id",
                "fullTitle": "Menu /menu/detail data.sub_category_id",
                "timedOut": false,
                "duration": 1,
                "state": "passed",
                "speed": "fast",
                "pass": true,
                "fail": false,
                "pending": false,
                "code": "console.log(response.body.data[0].sub_category_id)\nresponse.body.data[0].should.have.property('sub_category_id').not.to.be.empty\ndone();",
                "err": {},
                "isRoot": false,
                "uuid": "5a8be123-b422-41e7-9f28-13875adaff25",
                "parentUUID": "48fab355-00fe-4d92-9244-09cb2bb1bda0",
                "isHook": false,
                "skipped": false
              },
              {
                "title": "data.menu_id",
                "fullTitle": "Menu /menu/detail data.menu_id",
                "timedOut": false,
                "duration": 0,
                "state": "passed",
                "speed": "fast",
                "pass": true,
                "fail": false,
                "pending": false,
                "code": "console.log(response.body.data[0].menu_id)\nresponse.body.data[0].should.have.property('menu_id').not.to.be.empty\ndone();",
                "err": {},
                "isRoot": false,
                "uuid": "c8e690b1-2163-4d37-9be8-5afcb2104c09",
                "parentUUID": "48fab355-00fe-4d92-9244-09cb2bb1bda0",
                "isHook": false,
                "skipped": false
              },
              {
                "title": "data.stage_id",
                "fullTitle": "Menu /menu/detail data.stage_id",
                "timedOut": false,
                "duration": 0,
                "state": "passed",
                "speed": "fast",
                "pass": true,
                "fail": false,
                "pending": false,
                "code": "response.body.data[0].should.have.property('stage_id').not.to.be.empty\ndone();",
                "err": {},
                "isRoot": false,
                "uuid": "a30d5ab9-9cb7-411c-bfe2-e3d78dd535d6",
                "parentUUID": "48fab355-00fe-4d92-9244-09cb2bb1bda0",
                "isHook": false,
                "skipped": false
              },
              {
                "title": "data.m_item",
                "fullTitle": "Menu /menu/detail data.m_item",
                "timedOut": false,
                "duration": 1,
                "state": "passed",
                "speed": "fast",
                "pass": true,
                "fail": false,
                "pending": false,
                "code": "response.body.data[0].should.have.property('m_item').not.to.be.empty\ndone();",
                "err": {},
                "isRoot": false,
                "uuid": "c6ab7528-7641-4213-8bb8-4d20e8d4f77b",
                "parentUUID": "48fab355-00fe-4d92-9244-09cb2bb1bda0",
                "isHook": false,
                "skipped": false
              },
              {
                "title": "data.m_type",
                "fullTitle": "Menu /menu/detail data.m_type",
                "timedOut": false,
                "duration": 0,
                "state": "passed",
                "speed": "fast",
                "pass": true,
                "fail": false,
                "pending": false,
                "code": "response.body.data[0].should.have.property('m_type').not.to.be.NaN\ndone();",
                "err": {},
                "isRoot": false,
                "uuid": "a0a9c73f-9dd9-483c-b58d-9a359f2f50cc",
                "parentUUID": "48fab355-00fe-4d92-9244-09cb2bb1bda0",
                "isHook": false,
                "skipped": false
              },
              {
                "title": "data.price",
                "fullTitle": "Menu /menu/detail data.price",
                "timedOut": false,
                "duration": 0,
                "state": "passed",
                "speed": "fast",
                "pass": true,
                "fail": false,
                "pending": false,
                "code": "response.body.data[0].should.have.property('price').not.to.be.NaN\ndone();",
                "err": {},
                "isRoot": false,
                "uuid": "e7448ae5-b03d-444f-95d3-89d3977d186c",
                "parentUUID": "48fab355-00fe-4d92-9244-09cb2bb1bda0",
                "isHook": false,
                "skipped": false
              },
              {
                "title": "data.points",
                "fullTitle": "Menu /menu/detail data.points",
                "timedOut": false,
                "duration": 0,
                "state": "passed",
                "speed": "fast",
                "pass": true,
                "fail": false,
                "pending": false,
                "code": "response.body.data[0].should.have.property('points')\ndone();",
                "err": {},
                "isRoot": false,
                "uuid": "e7a95116-4d00-41ce-8afb-381d57ae338c",
                "parentUUID": "48fab355-00fe-4d92-9244-09cb2bb1bda0",
                "isHook": false,
                "skipped": false
              },
              {
                "title": "data.calory",
                "fullTitle": "Menu /menu/detail data.calory",
                "timedOut": false,
                "duration": 0,
                "state": "passed",
                "speed": "fast",
                "pass": true,
                "fail": false,
                "pending": false,
                "code": "response.body.data[0].should.have.property('calory').not.to.be.NaN\ndone();",
                "err": {},
                "isRoot": false,
                "uuid": "1cea8120-def6-4683-b1cd-9fffed2589cd",
                "parentUUID": "48fab355-00fe-4d92-9244-09cb2bb1bda0",
                "isHook": false,
                "skipped": false
              },
              {
                "title": "data.file_id",
                "fullTitle": "Menu /menu/detail data.file_id",
                "timedOut": false,
                "duration": 0,
                "state": "passed",
                "speed": "fast",
                "pass": true,
[...]
      "state": "passed",
      "speed": "fast",
      "pass": true,
      "fail": false,
      "pending": false,
      "code": "response.body.data[0].options[0].data[0].should.have.property('price').not.to.be.NaN\ndone();",
      "err": {},
      "isRoot": false,
      "uuid": "9679d2d1-bfa4-4d56-8e53-45589a5a90aa",
      "parentUUID": "48fab355-00fe-4d92-9244-09cb2bb1bda0",
      "isHook": false,
      "skipped": false
    },
    {
      "title": "http status 200 check",
      "fullTitle": "/order/add http status 200 check",
      "timedOut": false,
      "duration": 162,
      "state": "passed",
      "speed": "slow",
      "pass": true,
      "fail": false,
      "pending": false,
      "code": "chai.request(config.server.BASE_PATH)\n    .post(config.api.orderAdd)\n    .set('content-type', 'application/json')\n    .send(body)\n    .end((err, res) => {\n      res.should.have.status(200)\n      response = res\n      config.testEnv.order_id = response.body.data.order_id\n      console.log(res.body)\n      done();\n    });",
      "err": {},
      "isRoot": false,
      "uuid": "af654b71-4a7e-4c51-979e-3af9da4d3d11",
      "parentUUID": "4bab9d82-7642-4aa0-98ec-11bf1553f5d5",
      "isHook": false,
      "skipped": false
    },
    {
      "title": "data property existency check",
      "fullTitle": "/order/add data property existency check",
      "timedOut": false,
      "duration": 0,
      "state": "passed",
      "speed": "fast",
      "pass": true,
      "fail": false,
      "pending": false,
      "code": "response.should.have.property('body');\ndone();",
      "err": {},
      "isRoot": false,
      "uuid": "492982c8-060f-40ca-9cf8-87b276b3dd92",
      "parentUUID": "4bab9d82-7642-4aa0-98ec-11bf1553f5d5",
      "isHook": false,
      "skipped": false
    },
    {
      "title": "data null check",
      "fullTitle": "/order/add data null check",
      "timedOut": false,
      "duration": 0,
      "state": "passed",
      "speed": "fast",
      "pass": true,
      "fail": false,
      "pending": false,
      "code": "expect(response.body).to.not.be.null;\ndone();",
      "err": {},
      "isRoot": false,
      "uuid": "82c1db6a-43fd-4b16-9d9f-b598332bc0e4",
      "parentUUID": "4bab9d82-7642-4aa0-98ec-11bf1553f5d5",
      "isHook": false,
      "skipped": false
    },
    {
      "title": "responseStatus 200 check",
      "fullTitle": "/order/add responseStatus 200 check",
      "timedOut": false,
      "duration": 0,
      "state": "passed",
      "speed": "fast",
      "pass": true,
      "fail": false,
      "pending": false,
      "code": "response.body.should.have.property('responseStatus').eql(200)\ndone();",
      "err": {},
      "isRoot": false,
      "uuid": "e03373f8-dc5b-4abd-b09b-3d8e0a622d11",
      "parentUUID": "4bab9d82-7642-4aa0-98ec-11bf1553f5d5",
      "isHook": false,
      "skipped": false
    },
    {
      "title": "data check",
      "fullTitle": "/order/add data check",
      "timedOut": false,
      "duration": 1,
      "state": "passed",
      "speed": "fast",
      "pass": true,
      "fail": false,
      "pending": false,
      "code": "// console.log(response.body.data)\nresponse.body.should.have.property('data').not.to.be.empty\ndone();",
      "err": {},
      "isRoot": false,
      "uuid": "8047cac7-cd29-4b56-9bd0-7828e457a70b",
      "parentUUID": "4bab9d82-7642-4aa0-98ec-11bf1553f5d5",
      "isHook": false,
      "skipped": false
    },
    {
      "title": "data.order_id",
      "fullTitle": "/order/add data.order_id",
      "timedOut": false,
      "duration": 0,
      "state": "passed",
      "speed": "fast",
      "pass": true,
      "fail": false,
      "pending": false,
      "code": "response.body.data.should.have.property('order_id').not.to.be.empty\ndone();",
      "err": {},
      "isRoot": false,
      "uuid": "cf7d37c9-53ba-4031-9270-98f9873373d6",
      "parentUUID": "4bab9d82-7642-4aa0-98ec-11bf1553f5d5",
      "isHook": false,
      "skipped": false
    },
    {
      "title": "http status 200 check",
      "fullTitle": "/order/add http status 200 check",
      "timedOut": false,
      "duration": 18,
      "state": "passed",
      "speed": "fast",
      "pass": true,
      "fail": false,
      "pending": false,
      "code": "body2 = {\n  \"store_id\": config.testEnv.store_id,\n  \"user_id\": config.testEnv.user_id,\n  \"order_id\": config.testEnv.order_id,\n  \"price\": config.testEnv.price,\n  \"tax\": config.testEnv.tax\n}\nchai.request(config.server.BASE_PATH)\n    .post(config.api.orderPaymentComplete)\n    .set('content-type', 'application/json')\n    .send(body2)\n    .end((err, res) => {\n    res.should.have.status(200)\n  response = res\nconsole.log(body2)\n  console.log(res.body)\n  done();\n});",
      "err": {},
      "isRoot": false,
      "uuid": "93a9375c-5b0d-44f3-97e5-b9d14a84777b",
      "parentUUID": "4bab9d82-7642-4aa0-98ec-11bf1553f5d5",
      "isHook": false,
      "skipped": false
    },
    {
      "title": "data property existency check",
      "fullTitle": "/order/add data property existency check",
      "timedOut": false,
      "duration": 0,
      "state": "passed",
      "speed": "fast",
      "pass": true,
      "fail": false,
      "pending": false,
      "code": "response.should.have.property('body');\ndone();",
      "err": {},
      "isRoot": false,
      "uuid": "4325524d-eb7b-4c34-a04c-8748e2682471",
      "parentUUID": "4bab9d82-7642-4aa0-98ec-11bf1553f5d5",
      "isHook": false,
      "skipped": false
    },
    {
      "title": "data null check",
      "fullTitle": "/order/add data null check",
      "timedOut": false,
      "duration": 0,
      "state": "passed",
      "speed": "fast",
      "pass": true,
      "fail": false,
      "pending": false,
      "code": "expect(response.body).to.not.be.null;\ndone();",
      "err": {},
      "isRoot": false,
      "uuid": "9bfd1134-e3a5-495f-a805-edcfa479605b",
      "parentUUID": "4bab9d82-7642-4aa0-98ec-11bf1553f5d5",
      "isHook": false,
      "skipped": false
    },
    {
      "title": "responseStatus 200 check",
      "fullTitle": "/order/add responseStatus 200 check",
      "timedOut": false,
      "duration": 0,
      "state": "passed",
      "speed": "fast",
      "pass": true,
      "fail": false,
      "pending": false,
      "code": "response.body.should.have.property('responseStatus').eql(200)\ndone();",
      "err": {},
      "isRoot": false,
      "uuid": "34eb39e2-2f5c-4d0e-b263-aedd0a43bc2b",
      "parentUUID": "4bab9d82-7642-4aa0-98ec-11bf1553f5d5",
      "isHook": false,
      "skipped": false
    },
    {
      "title": "data check",
      "fullTitle": "/order/add data check",
      "timedOut": false,
      "duration": 0,
      "state": "passed",
      "speed": "fast",
      "pass": true,
      "fail": false,
      "pending": false,
      "code": "response.body.should.have.property('data').not.to.be.empty\ndone();",
      "err": {},
      "isRoot": false,
      "uuid": "e36cc9bf-87c3-422a-b830-76ba0546f9c1",
      "parentUUID": "4bab9d82-7642-4aa0-98ec-11bf1553f5d5",
      "isHook": false,
      "skipped": false
    },
    {
      "title": "data.order_id",
      "fullTitle": "/order/add data.order_id",
      "timedOut": false,
      "duration": 0,
      "state": "passed",
      "speed": "fast",
      "pass": true,
      "fail": false,
      "pending": false,
      "code": "response.body.data.should.have.property('order_num').not.to.be.NaN\ndone();",
      "err": {},
      "isRoot": false,
      "uuid": "a56e8972-edfd-4d72-86a7-d43fe4706770",
      "parentUUID": "4bab9d82-7642-4aa0-98ec-11bf1553f5d5",
      "isHook": false,
      "skipped": false
    },
    {
      "title": "http status 200 check",
      "fullTitle": "/order/add http status 200 check",
      "timedOut": false,
      "duration": 144,
      "state": "passed",
      "speed": "slow",
      "pass": true,
      "fail": false,
      "pending": false,
      "code": "chai.request(config.server.BASE_PATH)\n  .post(config.api.orderPaymentList)\n  .set('content-type', 'application/json')\n  .send(body3)\n  .end((err, res) => {\n  res.should.have.status(200)\nresponse = res\nconsole.log(res.body)\ndone();\n    });",
      "err": {},
      "isRoot": false,
      "uuid": "78a436e8-5076-48a3-87b9-a1a69b3c10b9",
      "parentUUID": "4bab9d82-7642-4aa0-98ec-11bf1553f5d5",
      "isHook": false,
      "skipped": false
    },
    {
      "title": "data property existency check",
      "fullTitle": "/order/add data property existency check",
      "timedOut": false,
      "duration": 0,
      "state": "passed",
      "speed": "fast",
      "pass": true,
      "fail": false,
      "pending": false,
      "code": "response.should.have.property('body');\ndone();",
      "err": {},
      "isRoot": false,
      "uuid": "2bf9a01f-2553-4175-9f25-a10fb45eaccb",
      "parentUUID": "4bab9d82-7642-4aa0-98ec-11bf1553f5d5",
      "isHook": false,
      "skipped": false
    },
    {
      "title": "data null check",
      "fullTitle": "/order/add data null check",
      "timedOut": false,
      "duration": 0,
      "state": "passed",
      "speed": "fast",
      "pass": true,
      "fail": false,
      "pending": false,
      "code": "expect(response.body).to.not.be.null;\ndone();",
      "err": {},
      "isRoot": false,
      "uuid": "b1c9db93-ffb7-48b6-ae16-85e0128832a7",
      "parentUUID": "4bab9d82-7642-4aa0-98ec-11bf1553f5d5",
      "isHook": false,
      "skipped": false
    },
    {
      "title": "responseStatus 200 check",
      "fullTitle": "/order/add responseStatus 200 check",
      "timedOut": false,
      "duration": 0,
      "state": "passed",
      "speed": "fast",
      "pass": true,
      "fail": false,
      "pending": false,
      "code": "response.body.should.have.property('responseStatus').eql(200)\ndone();",
      "err": {},
      "isRoot": false,
      "uuid": "7cf2f5c5-2e32-4273-b740-78cadc448092",
      "parentUUID": "4bab9d82-7642-4aa0-98ec-11bf1553f5d5",
      "isHook": false,
      "skipped": false
    },
    {
      "title": "data check",
      "fullTitle": "/order/add data check",
      "timedOut": false,
      "duration": 0,
      "state": "passed",
      "speed": "fast",
      "pass": true,
      "fail": false,
      "pending": false,
      "code": "// console.log(response.body.data)\nresponse.body.should.have.property('data').not.to.be.empty\ndone();",
      "err": {},
      "isRoot": false,
      "uuid": "9a80731d-5943-4695-b243-028142c45855",
      "parentUUID": "4bab9d82-7642-4aa0-98ec-11bf1553f5d5",
      "isHook": false,
      "skipped": false
    },
    {
      "title": "http status 200 check",
      "fullTitle": "/store/accountList http status 200 check",
      "timedOut": false,
      "duration": 13,
      "state": "passed",
      "speed": "fast",
      "pass": true,
      "fail": false,
      "pending": false,
      "code": "chai.request(config.server.BASE_PATH)\n.post(config.api.storeAccountList)\n    .set('content-type', 'application/json')\n    .send(body)\n    .end((err, res) => {\n        res.should.have.status(200)\n        response = res\n        done();\n});",
      "err": {},
      "isRoot": false,
      "uuid": "85db4684-ac3a-428e-ac6d-5c73d0405788",
      "parentUUID": "9863db1e-3fff-456e-8f6f-8c5291281724",
      "isHook": false,
      "skipped": false
    },
    {
      "title": "data property existency check",
      "fullTitle": "/store/accountList data property existency check",
      "timedOut": false,
      "duration": 1,
      "state": "passed",
      "speed": "fast",
      "pass": true,
      "fail": false,
      "pending": false,
      "code": "response.should.have.property('body');\ndone();",
      "err": {},
      "isRoot": false,
      "uuid": "e3dc91df-472e-4806-a669-955a998967c4",
      "parentUUID": "9863db1e-3fff-456e-8f6f-8c5291281724",
      "isHook": false,
      "skipped": false
    },
    {
      "title": "data null check",
      "fullTitle": "/store/accountList data null check",
      "timedOut": false,
      "duration": 0,
      "state": "passed",
      "speed": "fast",
      "pass": true,
      "fail": false,
      "pending": false,
      "code": "expect(response.body).to.not.be.null;\ndone();",
      "err": {},
      "isRoot": false,
      "uuid": "d6e9642b-c3f5-4556-8879-6098447e09ab",
      "parentUUID": "9863db1e-3fff-456e-8f6f-8c5291281724",
      "isHook": false,
      "skipped": false
    },
    {
      "title": "responseStatus 200 check",
      "fullTitle": "/store/accountList responseStatus 200 check",
      "timedOut": false,
      "duration": 0,
      "state": "passed",
      "speed": "fast",
      "pass": true,
      "fail": false,
      "pending": false,
      "code": "response.body.should.have.property('responseStatus').eql(200)\ndone();",
      "err": {},
      "isRoot": false,
      "uuid": "032ecef4-b35b-4240-b0b3-032839a92c43",
      "parentUUID": "9863db1e-3fff-456e-8f6f-8c5291281724",
      "isHook": false,
      "skipped": false
    },
    {
      "title": "data check",
      "fullTitle": "/store/accountList data check",
      "timedOut": false,
      "duration": 0,
      "state": "passed",
      "speed": "fast",
      "pass": true,
      "fail": false,
      "pending": false,
      "code": "console.log(response.body.data)\nresponse.body.should.have.property('data').not.to.be.empty\ndone();",
      "err": {},
      "isRoot": false,
      "uuid": "9578a236-6848-41f6-bcda-9b10556461e2",
      "parentUUID": "9863db1e-3fff-456e-8f6f-8c5291281724",
      "isHook": false,
      "skipped": false
    },
    {
      "title": "data.store_id",
      "fullTitle": "/store/accountList data.store_id",
      "timedOut": false,
      "duration": 0,
      "state": "passed",
      "speed": "fast",
      "pass": true,
      "fail": false,
      "pending": false,
      "code": "console.log('store_id=' + response.body.data[0].store_id)\nresponse.body.data[0].should.have.property('store_id').not.to.be.empty\ndone();",
      "err": {},
      "isRoot": false,
      "uuid": "21c647de-3b10-4345-bba3-59bf6947ab15",
      "parentUUID": "9863db1e-3fff-456e-8f6f-8c5291281724",
      "isHook": false,
      "skipped": false
    },
    {
      "title": "data.user_id",
      "fullTitle": "/store/accountList data.user_id",
      "timedOut": false,
      "duration": 1,
      "state": "passed",
      "speed": "fast",
      "pass": true,
      "fail": false,
      "pending": false,
      "code": "console.log(response.body.data[0].user_id)\nresponse.body.data[0].should.have.property('user_id').not.to.be.empty\ndone();",
      "err": {},
      "isRoot": false,
      "uuid": "ce65989a-e21f-448e-9d2d-d2738200eaad",
      "parentUUID": "9863db1e-3fff-456e-8f6f-8c5291281724",
      "isHook": false,
      "skipped": false
    },
    {
      "title": "data.s_phone",
      "fullTitle": "/store/accountList data.s_phone",
      "timedOut": false,
      "duration": 0,
      "state": "passed",
      "speed": "fast",
      "pass": true,
      "fail": false,
      "pending": false,
      "code": "response.body.data[0].should.have.property('s_phone').not.to.be.empty\ndone();",
      "err": {},
      "isRoot": false,
      "uuid": "1e02cd7f-d6f3-4bd8-8275-55b2c8ad27be",
      "parentUUID": "9863db1e-3fff-456e-8f6f-8c5291281724",
      "isHook": false,
      "skipped": false
    },
    {
      "title": "data.store",
      "fullTitle": "/store/accountList data.store",
      "timedOut": false,
      "duration": 0,
      "state": "passed",
      "speed": "fast",
      "pass": true,
      "fail": false,
      "pending": false,
      "code": "response.body.data[0].should.have.property('store').not.to.be.empty\ndone();",
      "err": {},
      "isRoot": false,
      "uuid": "3bc00f32-4407-4d1e-ae64-119ae8e4e90b",
      "parentUUID": "9863db1e-3fff-456e-8f6f-8c5291281724",
      "isHook": false,
      "skipped": false
    },
    {
      "title": "data.u_level",
      "fullTitle": "/store/accountList data.u_level",
      "timedOut": false,
      "duration": 0,
      "state": "passed",
      "speed": "fast",
      "pass": true,
      "fail": false,
      "pending": false,
      "code": "response.body.data[0].should.have.property('u_level').not.to.be.NaN\ndone();",
      "err": {},
      "isRoot": false,
      "uuid": "7ed4831a-0e32-4994-bbbb-0db608c96f10",
      "parentUUID": "9863db1e-3fff-456e-8f6f-8c5291281724",
      "isHook": false,
      "skipped": false
    },
    {
      "title": "data.u_status",
      "fullTitle": "/store/accountList data.u_status",
      "timedOut": false,
      "duration": 0,
      "state": "passed",
      "speed": "fast",
      "pass": true,
      "fail": false,
      "pending": false,
      "code": "response.body.data[0].should.have.property('u_status').not.to.be.NaN\ndone();",
      "err": {},
      "isRoot": false,
      "uuid": "75c3aa75-5369-40ca-b37b-c35a7de422b0",
      "parentUUID": "9863db1e-3fff-456e-8f6f-8c5291281724",
      "isHook": false,
      "skipped": false
    },
    {
      "title": "data.u_points",
      "fullTitle": "/store/accountList data.u_points",
      "timedOut": false,
      "duration": 1,
      "state": "passed",
      "speed": "fast",
      "pass": true,
      "fail": false,
      "pending": false,
      "code": "response.body.data[0].should.have.property('u_points').not.to.be.NaN\ndone();",
      "err": {},
      "isRoot": false,
      "uuid": "bfc026a4-f42d-4467-90b4-f4ae2ec2fa38",
      "parentUUID": "9863db1e-3fff-456e-8f6f-8c5291281724",
      "isHook": false,
      "skipped": false
    },
    {
      "title": "data.s_address",
      "fullTitle": "/store/accountList data.s_address",
      "timedOut": false,
      "duration": 0,
      "state": "passed",
      "speed": "fast",
      "pass": true,
      "fail": false,
      "pending": false,
      "code": "response.body.data[0].should.have.property('store').not.to.be.empty\ndone();",
      "err": {},
      "isRoot": false,
      "uuid": "c42c250b-d079-4da4-b1a2-9f89df017ee1",
      "parentUUID": "9863db1e-3fff-456e-8f6f-8c5291281724",
      "isHook": false,
      "skipped": false
    }
  ],
  "allFailures": [
    {
      "title": "data.phone",
      "fullTitle": "/account/login data.phone",
      "timedOut": false,
      "duration": 0,
      "state": "failed",
      "pass": false,
      "fail": true,
      "pending": false,
      "code": "response.body.data[0].should.have.property('phone').not.to.be.empty\ndone();",
      "err": {
        "name": "AssertionError",
        "message": ".empty was passed non-string primitive null",
        "showDiff": false,
        "estack": "AssertionError: .empty was passed non-string primitive null\n    at Context.<anonymous> (test/account.js:56:68)",
        "stack": "AssertionError: .empty was passed non-string primitive null\n    at Context.<anonymous> (test/account.js:56:68)"
      },
      "isRoot": false,
      "uuid": "0d611ea7-2392-4f9a-9517-623cf3b307c1",
      "parentUUID": "e35a7924-11be-475a-b9cd-3222ee0d4aa6",
      "isHook": false,
      "skipped": false
    },
    {
      "title": "data.s_logo",
      "fullTitle": "/store/accountList data.s_logo",
      "timedOut": false,
      "duration": 2,
      "state": "failed",
      "pass": false,
      "fail": true,
      "pending": false,
      "code": "console.log('s_logo=' + response.body.data[0].s_logo)\nresponse.body.data[0].should.have.property('s_logo').not.to.be.empty\ndone();",
      "err": {
        "name": "AssertionError",
        "message": "expected '' not to be empty",
        "showDiff": false,
        "actual": "",
        "estack": "AssertionError: expected '' not to be empty\n    at Context.<anonymous> (test/store.js:81:69)",
        "stack": "AssertionError: expected '' not to be empty\n    at Context.<anonymous> (test/store.js:81:69)"
      },
      "isRoot": false,
      "uuid": "1bda0edd-fee7-450c-9704-18c3f93f3c13",
      "parentUUID": "9863db1e-3fff-456e-8f6f-8c5291281724",
      "isHook": false,
      "skipped": false
    }
  ],
  "copyrightYear": 2017
}