{
  "stats": {
    "suites": 9,
    "tests": 67,
    "passes": 61,
    "pending": 0,
    "failures": 6,
    "start": "2017-05-08T07:51:06.624Z",
    "end": "2017-05-08T07:51:06.764Z",
    "duration": 140,
    "testsRegistered": 67,
    "passPercent": 91,
    "pendingPercent": 0,
    "other": 0,
    "hasOther": false,
    "skipped": 0,
    "hasSkipped": false,
    "passPercentClass": "success",
    "pendingPercentClass": "danger"
  },
  "suites": {
    "title": "",
    "suites": [
      {
        "title": "Login",
        "suites": [
          {
            "title": "/account/login",
            "suites": [],
            "tests": [
              {
                "title": "http status 200 check",
                "fullTitle": "Login /account/login http status 200 check",
                "timedOut": false,
                "duration": 34,
                "state": "passed",
                "speed": "fast",
                "pass": true,
                "fail": false,
                "pending": false,
                "code": "chai.request(config.server.BASE_PATH)\n.post(config.api.accountLogin)\n    .set('content-type', 'application/json')\n    .send(body)\n    .end((err, res) => {\n        res.should.have.status(200)\n        response = res\n        done();\n});",
                "err": {},
                "isRoot": false,
                "uuid": "bd4d8d94-f901-46ed-aa14-174150db6edb",
                "parentUUID": "9e5682f9-4ac4-428f-9362-23177fe1613f",
                "skipped": false
              },
              {
                "title": "data property existency check",
                "fullTitle": "Login /account/login data property existency check",
                "timedOut": false,
                "duration": 0,
                "state": "passed",
                "speed": "fast",
                "pass": true,
                "fail": false,
                "pending": false,
                "code": "response.should.have.property('body');\ndone();",
                "err": {},
                "isRoot": false,
                "uuid": "4bd88829-5301-4231-8d3f-6f70be2a4829",
                "parentUUID": "9e5682f9-4ac4-428f-9362-23177fe1613f",
                "skipped": false
              },
              {
                "title": "data null check",
                "fullTitle": "Login /account/login data null check",
                "timedOut": false,
                "duration": 1,
                "state": "passed",
                "speed": "fast",
                "pass": true,
                "fail": false,
                "pending": false,
                "code": "expect(response.body).to.not.be.null;\ndone();",
                "err": {},
                "isRoot": false,
                "uuid": "412c3cdd-df9f-4880-b91b-486afbbf3b88",
                "parentUUID": "9e5682f9-4ac4-428f-9362-23177fe1613f",
                "skipped": false
              },
              {
                "title": "responseStatus 200 check",
                "fullTitle": "Login /account/login responseStatus 200 check",
                "timedOut": false,
                "duration": 0,
                "state": "passed",
                "speed": "fast",
                "pass": true,
                "fail": false,
                "pending": false,
                "code": "response.body.should.have.property('responseStatus').eql(200)\ndone();",
                "err": {},
                "isRoot": false,
                "uuid": "e37ad7e9-4812-4d5b-bef5-a19b02a3d6ed",
                "parentUUID": "9e5682f9-4ac4-428f-9362-23177fe1613f",
                "skipped": false
              },
              {
                "title": "data check",
                "fullTitle": "Login /account/login data check",
                "timedOut": false,
                "duration": 1,
                "state": "passed",
                "speed": "fast",
                "pass": true,
                "fail": false,
                "pending": false,
                "code": "response.body.should.have.property('data').not.to.be.empty\ndone();",
                "err": {},
                "isRoot": false,
                "uuid": "6544628c-55e0-4110-a355-57329558ce7d",
                "parentUUID": "9e5682f9-4ac4-428f-9362-23177fe1613f",
                "skipped": false
              },
              {
                "title": "data.account_id ",
                "fullTitle": "Login /account/login data.account_id ",
                "timedOut": false,
                "duration": 0,
                "state": "passed",
                "speed": "fast",
                "pass": true,
                "fail": false,
                "pending": false,
                "code": "response.body.data[0].should.have.property('account_id').not.to.be.empty\ndone();",
                "err": {},
                "isRoot": false,
                "uuid": "90da6ad5-a97b-4886-9b29-be225f39daeb",
                "parentUUID": "9e5682f9-4ac4-428f-9362-23177fe1613f",
                "skipped": false
              },
              {
                "title": "data.name",
                "fullTitle": "Login /account/login data.name",
                "timedOut": false,
                "duration": 0,
                "state": "passed",
                "speed": "fast",
                "pass": true,
                "fail": false,
                "pending": false,
                "code": "response.body.data[0].should.have.property('name').not.to.be.empty\ndone();",
                "err": {},
                "isRoot": false,
                "uuid": "684e5f9c-7b74-4cdf-97ba-033a8643c67e",
                "parentUUID": "9e5682f9-4ac4-428f-9362-23177fe1613f",
                "skipped": false
              },
              {
                "title": "data.phone",
                "fullTitle": "Login /account/login data.phone",
                "timedOut": false,
                "duration": 0,
                "state": "passed",
                "speed": "fast",
                "pass": true,
                "fail": false,
                "pending": false,
                "code": "response.body.data[0].should.have.property('phone').not.to.be.empty\ndone();",
                "err": {},
                "isRoot": false,
                "uuid": "9b739d5e-141c-4ec7-b2fc-1d260603a53e",
                "parentUUID": "9e5682f9-4ac4-428f-9362-23177fe1613f",
                "skipped": false
              },
              {
                "title": "data.status",
                "fullTitle": "Login /account/login data.status",
                "timedOut": false,
                "duration": 1,
                "state": "passed",
                "speed": "fast",
                "pass": true,
                "fail": false,
                "pending": false,
                "code": "response.body.data[0].should.have.property('status').not.to.be.NaN\ndone();",
                "err": {},
                "isRoot": false,
                "uuid": "ef4555e9-f2d1-465e-b7b6-c5b74f4e6994",
                "parentUUID": "9e5682f9-4ac4-428f-9362-23177fe1613f",
                "skipped": false
              }
            ],
            "pending": [],
            "root": false,
            "_timeout": 5000,
            "file": "/test/account.js",
            "uuid": "9e5682f9-4ac4-428f-9362-23177fe1613f",
            "fullFile": "/Users/bok95/bluehack/apiway/tc/Kiosk-API-test/test/account.js",
            "passes": [
              {
                "title": "http status 200 check",
                "fullTitle": "Login /account/login http status 200 check",
                "timedOut": false,
                "duration": 34,
                "state": "passed",
                "speed": "fast",
                "pass": true,
                "fail": false,
                "pending": false,
                "code": "chai.request(config.server.BASE_PATH)\n.post(config.api.accountLogin)\n    .set('content-type', 'application/json')\n    .send(body)\n    .end((err, res) => {\n        res.should.have.status(200)\n        response = res\n        done();\n});",
                "err": {},
                "isRoot": false,
                "uuid": "bd4d8d94-f901-46ed-aa14-174150db6edb",
                "parentUUID": "9e5682f9-4ac4-428f-9362-23177fe1613f",
                "skipped": false
              },
              {
                "title": "data property existency check",
                "fullTitle": "Login /account/login data property existency check",
                "timedOut": false,
                "duration": 0,
                "state": "passed",
                "speed": "fast",
                "pass": true,
                "fail": false,
                "pending": false,
                "code": "response.should.have.property('body');\ndone();",
                "err": {},
                "isRoot": false,
                "uuid": "4bd88829-5301-4231-8d3f-6f70be2a4829",
                "parentUUID": "9e5682f9-4ac4-428f-9362-23177fe1613f",
                "skipped": false
              },
              {
                "title": "data null check",
                "fullTitle": "Login /account/login data null check",
                "timedOut": false,
                "duration": 1,
                "state": "passed",
                "speed": "fast",
                "pass": true,
                "fail": false,
                "pending": false,
                "code": "expect(response.body).to.not.be.null;\ndone();",
                "err": {},
                "isRoot": false,
                "uuid": "412c3cdd-df9f-4880-b91b-486afbbf3b88",
                "parentUUID": "9e5682f9-4ac4-428f-9362-23177fe1613f",
                "skipped": false
              },
              {
                "title": "responseStatus 200 check",
                "fullTitle": "Login /account/login responseStatus 200 check",
                "timedOut": false,
                "duration": 0,
                "state": "passed",
                "speed": "fast",
                "pass": true,
                "fail": false,
                "pending": false,
                "code": "response.body.should.have.property('responseStatus').eql(200)\ndone();",
                "err": {},
                "isRoot": false,
                "uuid": "e37ad7e9-4812-4d5b-bef5-a19b02a3d6ed",
                "parentUUID": "9e5682f9-4ac4-428f-9362-23177fe1613f",
                "skipped": false
              },
              {
                "title": "data check",
                "fullTitle": "Login /account/login data check",
                "timedOut": false,
                "duration": 1,
                "state": "passed",
                "speed": "fast",
                "pass": true,
                "fail": false,
                "pending": false,
                "code": "response.body.should.have.property('data').not.to.be.empty\ndone();",
                "err": {},
                "isRoot": false,
                "uuid": "6544628c-55e0-4110-a355-57329558ce7d",
                "parentUUID": "9e5682f9-4ac4-428f-9362-23177fe1613f",
                "skipped": false
              },
              {
                "title": "data.account_id ",
                "fullTitle": "Login /account/login data.account_id ",
                "timedOut": false,
                "duration": 0,
                "state": "passed",
                "speed": "fast",
                "pass": true,
                "fail": false,
                "pending": false,
                "code": "response.body.data[0].should.have.property('account_id').not.to.be.empty\ndone();",
                "err": {},
                "isRoot": false,
                "uuid": "90da6ad5-a97b-4886-9b29-be225f39daeb",
                "parentUUID": "9e5682f9-4ac4-428f-9362-23177fe1613f",
                "skipped": false
              },
              {
                "title": "data.name",
                "fullTitle": "Login /account/login data.name",
                "timedOut": false,
                "duration": 0,
                "state": "passed",
                "speed": "fast",
                "pass": true,
                "fail": false,
                "pending": false,
                "code": "response.body.data[0].should.have.property('name').not.to.be.empty\ndone();",
                "err": {},
                "isRoot": false,
                "uuid": "684e5f9c-7b74-4cdf-97ba-033a8643c67e",
                "parentUUID": "9e5682f9-4ac4-428f-9362-23177fe1613f",
                "skipped": false
              },
              {
                "title": "data.phone",
                "fullTitle": "Login /account/login data.phone",
                "timedOut": false,
                "duration": 0,
                "state": "passed",
                "speed": "fast",
                "pass": true,
                "fail": false,
                "pending": false,
                "code": "response.body.data[0].should.have.property('phone').not.to.be.empty\ndone();",
                "err": {},
                "isRoot": false,
                "uuid": "9b739d5e-141c-4ec7-b2fc-1d260603a53e",
                "parentUUID": "9e5682f9-4ac4-428f-9362-23177fe1613f",
                "skipped": false
              },
              {
                "title": "data.status",
                "fullTitle": "Login /account/login data.status",
                "timedOut": false,
                "duration": 1,
                "state": "passed",
                "speed": "fast",
                "pass": true,
                "fail": false,
                "pending": false,
                "code": "response.body.data[0].should.have.property('status').not.to.be.NaN\ndone();",
                "err": {},
                "isRoot": false,
                "uuid": "ef4555e9-f2d1-465e-b7b6-c5b74f4e6994",
                "parentUUID": "9e5682f9-4ac4-428f-9362-23177fe1613f",
                "skipped": false
              }
            ],
            "failures": [],
            "skipped": [],
            "hasTests": true,
            "hasSuites": false,
            "totalTests": 9,
            "totalPasses": 9,
            "totalFailures": 0,
            "totalPending": 0,
            "totalSkipped": 0,
            "hasPasses": true,
            "hasFailures": false,
            "hasPending": false,
            "hasSkipped": false,
            "duration": 37,
            "rootEmpty": false
          }
        ],
        "tests": [],
        "pending": [],
        "root": false,
        "_timeout": 2000,
        "file": "/test/account.js",
        "uuid": "ea84351c-907a-4c73-9e0d-1c5a8d2b5838",
        "fullFile": "/Users/bok95/bluehack/apiway/tc/Kiosk-API-test/test/account.js",
        "passes": [],
        "failures": [],
        "skipped": [],
        "hasTests": false,
        "hasSuites": true,
        "totalTests": 0,
        "totalPasses": 0,
        "totalFailures": 0,
        "totalPending": 0,
        "totalSkipped": 0,
        "hasPasses": false,
        "hasFailures": false,
        "hasPending": false,
        "hasSkipped": false,
        "duration": 0,
        "rootEmpty": false
      },
      {
        "title": "Category",
        "suites": [
          {
            "title": "/category/list-menu",
            "suites": [],
            "tests": [
              {
                "title": "http status 200 check",
                "fullTitle": "Category /category/list-menu http status 200 check",
                "timedOut": false,
                "duration": 19,
                "state": "passed",
                "speed": "fast",
                "pass": true,
                "fail": false,
                "pending": false,
                "code": "chai.request(config.server.BASE_PATH)\n.post(config.api.categoryListMenu)\n    .set('content-type', 'application/json')\n    .send(body)\n    .end((err, res) => {\n        res.should.have.status(200)\n        response = res\n        done();\n});",
                "err": {},
                "isRoot": false,
                "uuid": "ed92a941-9aaf-4b32-8921-e04df6e7e1ba",
                "parentUUID": "1cbe7f87-2c08-461c-9201-1b073622d360",
                "skipped": false
              },
              {
                "title": "data property existency check",
                "fullTitle": "Category /category/list-menu data property existency check",
                "timedOut": false,
                "duration": 0,
                "state": "passed",
                "speed": "fast",
                "pass": true,
                "fail": false,
                "pending": false,
                "code": "response.should.have.property('body');\ndone();",
                "err": {},
                "isRoot": false,
                "uuid": "f95c4cdf-dd7b-4b41-a079-82afe2242565",
                "parentUUID": "1cbe7f87-2c08-461c-9201-1b073622d360",
                "skipped": false
              },
              {
                "title": "data null check",
                "fullTitle": "Category /category/list-menu data null check",
                "timedOut": false,
                "duration": 0,
                "state": "passed",
                "speed": "fast",
                "pass": true,
                "fail": false,
                "pending": false,
                "code": "expect(response.body).to.not.be.null;\ndone();",
                "err": {},
                "isRoot": false,
                "uuid": "2eed78de-f5b8-449a-9d82-eda9987e28a3",
                "parentUUID": "1cbe7f87-2c08-461c-9201-1b073622d360",
                "skipped": false
              },
              {
                "title": "responseStatus 200 check",
                "fullTitle": "Category /category/list-menu responseStatus 200 check",
                "timedOut": false,
                "duration": 0,
                "state": "passed",
                "speed": "fast",
                "pass": true,
                "fail": false,
                "pending": false,
                "code": "response.body.should.have.property('responseStatus').eql(200)\ndone();",
                "err": {},
                "isRoot": false,
                "uuid": "88233e98-7034-4a66-a0a8-53fbd42d34fe",
                "parentUUID": "1cbe7f87-2c08-461c-9201-1b073622d360",
                "skipped": false
              },
              {
                "title": "data check",
                "fullTitle": "Category /category/list-menu data check",
                "timedOut": false,
                "duration": 3,
                "state": "passed",
                "speed": "fast",
                "pass": true,
                "fail": false,
                "pending": false,
                "code": "console.log(response.body.data)\nresponse.body.should.have.property('data').not.to.be.empty\ndone();",
                "err": {},
                "isRoot": false,
                "uuid": "d915f2a8-347a-4613-b299-dae04461e89a",
                "parentUUID": "1cbe7f87-2c08-461c-9201-1b073622d360",
                "skipped": false
              },
              {
                "title": "data.sub_category_id",
                "fullTitle": "Category /category/list-menu data.sub_category_id",
                "timedOut": false,
                "duration": 0,
                "state": "passed",
                "speed": "fast",
                "pass": true,
                "fail": false,
                "pending": false,
                "code": "response.body.data[0].should.have.property('sub_category_id').not.to.be.empty\ndone();",
                "err": {},
                "isRoot": false,
                "uuid": "3b3bc127-1422-48bd-8d60-0ecd52edc10d",
                "parentUUID": "1cbe7f87-2c08-461c-9201-1b073622d360",
                "skipped": false
              },
              {
                "title": "data.sub_category_name",
                "fullTitle": "Category /category/list-menu data.sub_category_name",
                "timedOut": false,
                "duration": 0,
                "state": "passed",
                "speed": "fast",
                "pass": true,
                "fail": false,
                "pending": false,
                "code": "response.body.data[0].should.have.property('sub_category_name').not.to.be.empty\ndone();",
                "err": {},
                "isRoot": false,
                "uuid": "4bcf81fe-76c7-4825-8827-dee9e1c57eff",
                "parentUUID": "1cbe7f87-2c08-461c-9201-1b073622d360",
                "skipped": false
              }
            ],
            "pending": [],
            "root": false,
            "_timeout": 2000,
            "file": "/test/category.js",
            "uuid": "1cbe7f87-2c08-461c-9201-1b073622d360",
            "fullFile": "/Users/bok95/bluehack/apiway/tc/Kiosk-API-test/test/category.js",
            "passes": [
              {
                "title": "http status 200 check",
                "fullTitle": "Category /category/list-menu http status 200 check",
                "timedOut": false,
                "duration": 19,
                "state": "passed",
                "speed": "fast",
                "pass": true,
                "fail": false,
                "pending": false,
                "code": "chai.request(config.server.BASE_PATH)\n.post(config.api.categoryListMenu)\n    .set('content-type', 'application/json')\n    .send(body)\n    .end((err, res) => {\n        res.should.have.status(200)\n        response = res\n        done();\n});",
                "err": {},
                "isRoot": false,
                "uuid": "ed92a941-9aaf-4b32-8921-e04df6e7e1ba",
                "parentUUID": "1cbe7f87-2c08-461c-9201-1b073622d360",
                "skipped": false
              },
              {
                "title": "data property existency check",
                "fullTitle": "Category /category/list-menu data property existency check",
                "timedOut": false,
                "duration": 0,
                "state": "passed",
                "speed": "fast",
                "pass": true,
                "fail": false,
                "pending": false,
                "code": "response.should.have.property('body');\ndone();",
                "err": {},
                "isRoot": false,
                "uuid": "f95c4cdf-dd7b-4b41-a079-82afe2242565",
                "parentUUID": "1cbe7f87-2c08-461c-9201-1b073622d360",
                "skipped": false
              },
              {
                "title": "data null check",
                "fullTitle": "Category /category/list-menu data null check",
                "timedOut": false,
                "duration": 0,
                "state": "passed",
                "speed": "fast",
                "pass": true,
                "fail": false,
                "pending": false,
                "code": "expect(response.body).to.not.be.null;\ndone();",
                "err": {},
                "isRoot": false,
                "uuid": "2eed78de-f5b8-449a-9d82-eda9987e28a3",
                "parentUUID": "1cbe7f87-2c08-461c-9201-1b073622d360",
                "skipped": false
              },
              {
                "title": "responseStatus 200 check",
                "fullTitle": "Category /category/list-menu responseStatus 200 check",
                "timedOut": false,
                "duration": 0,
                "state": "passed",
                "speed": "fast",
                "pass": true,
                "fail": false,
                "pending": false,
                "code": "response.body.should.have.property('responseStatus').eql(200)\ndone();",
                "err": {},
                "isRoot": false,
                "uuid": "88233e98-7034-4a66-a0a8-53fbd42d34fe",
                "parentUUID": "1cbe7f87-2c08-461c-9201-1b073622d360",
                "skipped": false
              },
              {
                "title": "data check",
                "fullTitle": "Category /category/list-menu data check",
                "timedOut": false,
                "duration": 3,
                "state": "passed",
                "speed": "fast",
                "pass": true,
                "fail": false,
                "pending": false,
                "code": "console.log(response.body.data)\nresponse.body.should.have.property('data').not.to.be.empty\ndone();",
                "err": {},
                "isRoot": false,
                "uuid": "d915f2a8-347a-4613-b299-dae04461e89a",
                "parentUUID": "1cbe7f87-2c08-461c-9201-1b073622d360",
                "skipped": false
              },
              {
                "title": "data.sub_category_id",
                "fullTitle": "Category /category/list-menu data.sub_category_id",
                "timedOut": false,
                "duration": 0,
                "state": "passed",
                "speed": "fast",
                "pass": true,
                "fail": false,
                "pending": false,
                "code": "response.body.data[0].should.have.property('sub_category_id').not.to.be.empty\ndone();",
                "err": {},
                "isRoot": false,
                "uuid": "3b3bc127-1422-48bd-8d60-0ecd52edc10d",
                "parentUUID": "1cbe7f87-2c08-461c-9201-1b073622d360",
                "skipped": false
              },
              {
                "title": "data.sub_category_name",
                "fullTitle": "Category /category/list-menu data.sub_category_name",
                "timedOut": false,
                "duration": 0,
                "state": "passed",
                "speed": "fast",
                "pass": true,
                "fail": false,
                "pending": false,
                "code": "response.body.data[0].should.have.property('sub_category_name').not.to.be.empty\ndone();",
                "err": {},
                "isRoot": false,
                "uuid": "4bcf81fe-76c7-4825-8827-dee9e1c57eff",
                "parentUUID": "1cbe7f87-2c08-461c-9201-1b073622d360",
                "skipped": false
              }
            ],
            "failures": [],
            "skipped": [],
            "hasTests": true,
            "hasSuites": false,
            "totalTests": 7,
            "totalPasses": 7,
            "totalFailures": 0,
            "totalPending": 0,
            "totalSkipped": 0,
            "hasPasses": true,
            "hasFailures": false,
            "hasPending": false,
            "hasSkipped": false,
            "duration": 22,
            "rootEmpty": false
          }
        ],
        "tests": [],
        "pending": [],
        "root": false,
        "_timeout": 2000,
        "file": "/test/category.js",
        "uuid": "5798d4c6-3b81-4a2e-8d75-8512ab03aa0c",
        "fullFile": "/Users/bok95/bluehack/apiway/tc/Kiosk-API-test/test/category.js",
        "passes": [],
        "failures": [],
        "skipped": [],
        "hasTests": false,
        "hasSuites": true,
        "totalTests": 0,
        "totalPasses": 0,
        "totalFailures": 0,
        "totalPending": 0,
        "totalSkipped": 0,
        "hasPasses": false,
        "hasFailures": false,
        "hasPending": false,
        "hasSkipped": false,
        "duration": 0,
        "rootEmpty": false
      },
      {
        "title": "Menu",
        "suites": [
          {
            "title": "/menu/list",
            "suites": [],
            "tests": [
              {
                "title": "http status 200 check",
                "fullTitle": "Menu /menu/list http status 200 check",
                "timedOut": false,
                "duration": 17,
                "state": "passed",
                "speed": "fast",
                "pass": true,
                "fail": false,
                "pending": false,
                "code": "chai.request(config.server.BASE_PATH)\n.post(config.api.menuList)\n    .set('content-type', 'application/json')\n    .send(body)\n    .end((err, res) => {\n        res.should.have.status(200)\n        response = res\n        done();\n});",
                "err": {},
                "isRoot": false,
                "uuid": "03e84ab4-f354-4ff4-9238-3ae712e4c345",
                "parentUUID": "f879f566-5d88-4e75-9513-b6cbe5e46850",
                "skipped": false
              },
              {
                "title": "data property existency check",
                "fullTitle": "Menu /menu/list data property existency check",
                "timedOut": false,
                "duration": 0,
                "state": "passed",
                "speed": "fast",
                "pass": true,
                "fail": false,
                "pending": false,
                "code": "response.should.have.property('body');\ndone();",
                "err": {},
                "isRoot": false,
                "uuid": "41fd33b0-cf77-4985-9acd-2f2e18ee9c57",
                "parentUUID": "f879f566-5d88-4e75-9513-b6cbe5e46850",
                "skipped": false
              },
              {
                "title": "data null check",
                "fullTitle": "Menu /menu/list data null check",
                "timedOut": false,
                "duration": 0,
                "state": "passed",
                "speed": "fast",
                "pass": true,
                "fail": false,
                "pending": false,
                "code": "expect(response.body).to.not.be.null;\ndone();",
                "err": {},
                "isRoot": false,
                "uuid": "44d485c7-ef0d-4887-96c8-824a23e24141",
                "parentUUID": "f879f566-5d88-4e75-9513-b6cbe5e46850",
                "skipped": false
              },
              {
                "title": "responseStatus 200 check",
                "fullTitle": "Menu /menu/list responseStatus 200 check",
                "timedOut": false,
                "duration": 0,
                "state": "passed",
                "speed": "fast",
                "pass": true,
                "fail": false,
                "pending": false,
                "code": "response.body.should.have.property('responseStatus').eql(200)\ndone();",
                "err": {},
                "isRoot": false,
                "uuid": "054c0868-0be2-4940-af43-ddeac8f75df3",
                "parentUUID": "f879f566-5d88-4e75-9513-b6cbe5e46850",
                "skipped": false
              },
              {
                "title": "data check",
                "fullTitle": "Menu /menu/list data check",
                "timedOut": false,
                "duration": 0,
                "state": "passed",
                "speed": "fast",
                "pass": true,
                "fail": false,
                "pending": false,
                "code": "// console.log(response.body.data)\nresponse.body.should.have.property('data').not.to.be.empty\ndone();",
                "err": {},
                "isRoot": false,
                "uuid": "6c12bef6-7152-4ecc-aae5-0bee327f78b0",
                "parentUUID": "f879f566-5d88-4e75-9513-b6cbe5e46850",
                "skipped": false
              },
              {
                "title": "data.sub_category_id",
                "fullTitle": "Menu /menu/list data.sub_category_id",
                "timedOut": false,
                "duration": 0,
                "state": "passed",
                "speed": "fast",
                "pass": true,
                "fail": false,
                "pending": false,
                "code": "console.log(response.body.data[0].sub_category_id)\nresponse.body.data[0].should.have.property('sub_category_id').not.to.be.empty\ndone();",
                "err": {},
                "isRoot": false,
                "uuid": "343c1dd3-4571-40df-b523-52f5a741afd8",
                "parentUUID": "f879f566-5d88-4e75-9513-b6cbe5e46850",
                "skipped": false
              },
              {
                "title": "data.menu_id",
                "fullTitle": "Menu /menu/list data.menu_id",
                "timedOut": false,
                "duration": 0,
                "state": "passed",
                "speed": "fast",
                "pass": true,
                "fail": false,
                "pending": false,
                "code": "response.body.data[0].should.have.property('menu_id').not.to.be.empty\ndone();",
                "err": {},
                "isRoot": false,
                "uuid": "3d646741-8224-41dd-bea9-d55c073eb65b",
                "parentUUID": "f879f566-5d88-4e75-9513-b6cbe5e46850",
                "skipped": false
              },
              {
                "title": "data.state_id",
                "fullTitle": "Menu /menu/list data.state_id",
                "timedOut": false,
                "duration": 0,
                "state": "passed",
                "speed": "fast",
                "pass": true,
                "fail": false,
                "pending": false,
                "code": "response.body.data[0].should.have.property('stage_id').not.to.be.empty\ndone();",
                "err": {},
                "isRoot": false,
                "uuid": "a8bb8be7-6ffc-425e-9833-97ec602632e1",
                "parentUUID": "f879f566-5d88-4e75-9513-b6cbe5e46850",
                "skipped": false
              },
              {
                "title": "data.m_item",
                "fullTitle": "Menu /menu/list data.m_item",
                "timedOut": false,
                "duration": 0,
                "state": "passed",
                "speed": "fast",
                "pass": true,
                "fail": false,
                "pending": false,
                "code": "response.body.data[0].should.have.property('m_item').not.to.be.empty\ndone();",
                "err": {},
                "isRoot": false,
                "uuid": "c89da015-be16-4afa-8f31-724744d70b0b",
                "parentUUID": "f879f566-5d88-4e75-9513-b6cbe5e46850",
                "skipped": false
              },
              {
                "title": "data.m_type",
                "fullTitle": "Menu /menu/list data.m_type",
                "timedOut": false,
                "duration": 0,
                "state": "passed",
                "speed": "fast",
                "pass": true,
                "fail": false,
                "pending": false,
                "code": "response.body.data[0].should.have.property('m_type').not.to.be.empty\ndone();",
                "err": {},
                "isRoot": false,
                "uuid": "bbb9e709-31fc-405a-bedc-23ea79641761",
                "parentUUID": "f879f566-5d88-4e75-9513-b6cbe5e46850",
                "skipped": false
              },
              {
                "title": "data.price",
                "fullTitle": "Menu /menu/list data.price",
                "timedOut": false,
                "duration": 0,
                "state": "passed",
                "speed": "fast",
                "pass": true,
                "fail": false,
                "pending": false,
                "code": "response.body.data[0].should.have.property('price').not.to.be.empty\ndone();",
                "err": {},
                "isRoot": false,
                "uuid": "de58f07f-d158-4c92-9d57-66ec9730ffb6",
                "parentUUID": "f879f566-5d88-4e75-9513-b6cbe5e46850",
                "skipped": false
              },
              {
                "title": "data.points",
                "fullTitle": "Menu /menu/list data.points",
                "timedOut": false,
                "duration": 0,
                "state": "passed",
                "speed": "fast",
                "pass": true,
                "fail": false,
                "pending": false,
                "code": "response.body.data[0].should.have.property('points')\ndone();",
                "err": {},
                "isRoot": false,
                "uuid": "415b8318-cc8d-4cff-a323-7cab55aef06c",
                "parentUUID": "f879f566-5d88-4e75-9513-b6cbe5e46850",
                "skipped": false
              },
              {
                "title": "data.calory",
                "fullTitle": "Menu /menu/list data.calory",
                "timedOut": false,
                "duration": 0,
                "state": "passed",
                "speed": "fast",
                "pass": true,
                "fail": false,
                "pending": false,
                "code": "response.body.data[0].should.have.property('calory').not.to.be.empty\ndone();",
                "err": {},
                "isRoot": false,
                "uuid": "cd721e03-7d7b-48b5-95ff-255446819d45",
                "parentUUID": "f879f566-5d88-4e75-9513-b6cbe5e46850",
                "skipped": false
              },
              {
                "title": "data.use_YN",
                "fullTitle": "Menu /menu/list data.use_YN",
                "timedOut": false,
                "duration": 0,
                "state": "passed",
                "speed": "fast",
                "pass": true,
                "fail": false,
                "pending": false,
                "code": "response.body.data[0].should.have.property('use_YN').not.to.be.empty\ndone();",
                "err": {},
                "isRoot": false,
                "uuid": "edea1fcf-89a5-48f1-acad-a693912b379b",
                "parentUUID": "f879f566-5d88-4e75-9513-b6cbe5e46850",
                "skipped": false
              },
              {
                "title": "data.file_id",
                "fullTitle": "Menu /menu/list data.file_id",
                "timedOut": false,
                "duration": 2,
                "state": "failed",
                "pass": false,
                "fail": true,
                "pending": false,
                "code": "response.body.data[0].should.have.property('file_id').not.to.be.empty\ndone();",
                "err": {
                  "name": "AssertionError",
                  "message": "expected '' not to be empty",
                  "showDiff": false,
                  "actual": "",
                  "estack": "AssertionError: expected '' not to be empty\n    at Context.<anonymous> (test/menu.js:83:70)",
                  "stack": "AssertionError: expected '' not to be empty\n    at Context.<anonymous> (test/menu.js:83:70)"
                },
                "isRoot": false,
                "uuid": "3aebab16-0efd-4df3-b560-c34129d6980e",
                "parentUUID": "f879f566-5d88-4e75-9513-b6cbe5e46850",
                "skipped": false
              }
            ],
            "pending": [],
            "root": false,
            "_timeout": 2000,
            "file": "/test/menu.js",
            "uuid": "f879f566-5d88-4e75-9513-b6cbe5e46850",
            "fullFile": "/Users/bok95/bluehack/apiway/tc/Kiosk-API-test/test/menu.js",
            "passes": [
              {
                "title": "http status 200 check",
                "fullTitle": "Menu /menu/list http status 200 check",
                "timedOut": false,
                "duration": 17,
                "state": "passed",
                "speed": "fast",
                "pass": true,
                "fail": false,
                "pending": false,
                "code": "chai.request(config.server.BASE_PATH)\n.post(config.api.menuList)\n    .set('content-type', 'application/json')\n    .send(body)\n    .end((err, res) => {\n        res.should.have.status(200)\n        response = res\n        done();\n});",
                "err": {},
                "isRoot": false,
                "uuid": "03e84ab4-f354-4ff4-9238-3ae712e4c345",
                "parentUUID": "f879f566-5d88-4e75-9513-b6cbe5e46850",
                "skipped": false
              },
              {
                "title": "data property existency check",
                "fullTitle": "Menu /menu/list data property existency check",
                "timedOut": false,
                "duration": 0,
                "state": "passed",
                "speed": "fast",
                "pass": true,
                "fail": false,
                "pending": false,
                "code": "response.should.have.property('body');\ndone();",
                "err": {},
                "isRoot": false,
                "uuid": "41fd33b0-cf77-4985-9acd-2f2e18ee9c57",
                "parentUUID": "f879f566-5d88-4e75-9513-b6cbe5e46850",
                "skipped": false
              },
              {
                "title": "data null check",
                "fullTitle": "Menu /menu/list data null check",
                "timedOut": false,
                "duration": 0,
                "state": "passed",
                "speed": "fast",
                "pass": true,
                "fail": false,
                "pending": false,
                "code": "expect(response.body).to.not.be.null;\ndone();",
                "err": {},
                "isRoot": false,
                "uuid": "44d485c7-ef0d-4887-96c8-824a23e24141",
                "parentUUID": "f879f566-5d88-4e75-9513-b6cbe5e46850",
                "skipped": false
              },
              {
                "title": "responseStatus 200 check",
                "fullTitle": "Menu /menu/list responseStatus 200 check",
                "timedOut": false,
                "duration": 0,
                "state": "passed",
                "speed": "fast",
                "pass": true,
                "fail": false,
                "pending": false,
                "code": "response.body.should.have.property('responseStatus').eql(200)\ndone();",
                "err": {},
                "isRoot": false,
                "uuid": "054c0868-0be2-4940-af43-ddeac8f75df3",
                "parentUUID": "f879f566-5d88-4e75-9513-b6cbe5e46850",
                "skipped": false
              },
              {
                "title": "data check",
                "fullTitle": "Menu /menu/list data check",
                "timedOut": false,
                "duration": 0,
                "state": "passed",
                "speed": "fast",
                "pass": true,
                "fail": false,
                "pending": false,
                "code": "// console.log(response.body.data)\nresponse.body.should.have.property('data').not.to.be.empty\ndone();",
                "err": {},
                "isRoot": false,
                "uuid": "6c12bef6-7152-4ecc-aae5-0bee327f78b0",
                "parentUUID": "f879f566-5d88-4e75-9513-b6cbe5e46850",
                "skipped": false
              },
              {
                "title": "data.sub_category_id",
                "fullTitle": "Menu /menu/list data.sub_category_id",
                "timedOut": false,
                "duration": 0,
                "state": "passed",
                "speed": "fast",
                "pass": true,
                "fail": false,
                "pending": false,
                "code": "console.log(response.body.data[0].sub_category_id)\nresponse.body.data[0].should.have.property('sub_category_id').not.to.be.empty\ndone();",
                "err": {},
                "isRoot": false,
                "uuid": "343c1dd3-4571-40df-b523-52f5a741afd8",
                "parentUUID": "f879f566-5d88-4e75-9513-b6cbe5e46850",
                "skipped": false
              },
              {
                "title": "data.menu_id",
                "fullTitle": "Menu /menu/list data.menu_id",
                "timedOut": false,
                "duration": 0,
                "state": "passed",
                "speed": "fast",
                "pass": true,
                "fail": false,
                "pending": false,
                "code": "response.body.data[0].should.have.property('menu_id').not.to.be.empty\ndone();",
                "err": {},
                "isRoot": false,
                "uuid": "3d646741-8224-41dd-bea9-d55c073eb65b",
                "parentUUID": "f879f566-5d88-4e75-9513-b6cbe5e46850",
                "skipped": false
              },
              {
                "title": "data.state_id",
                "fullTitle": "Menu /menu/list data.state_id",
                "timedOut": false,
                "duration": 0,
                "state": "passed",
                "speed": "fast",
                "pass": true,
                "fail": false,
                "pending": false,
                "code": "response.body.data[0].should.have.property('stage_id').not.to.be.empty\ndone();",
                "err": {},
                "isRoot": false,
                "uuid": "a8bb8be7-6ffc-425e-9833-97ec602632e1",
                "parentUUID": "f879f566-5d88-4e75-9513-b6cbe5e46850",
                "skipped": false
              },
              {
                "title": "data.m_item",
                "fullTitle": "Menu /menu/list data.m_item",
                "timedOut": false,
                "duration": 0,
                "state": "passed",
                "speed": "fast",
                "pass": true,
                "fail": false,
                "pending": false,
                "code": "response.body.data[0].should.have.property('m_item').not.to.be.empty\ndone();",
                "err": {},
                "isRoot": false,
                "uuid": "c89da015-be16-4afa-8f31-724744d70b0b",
                "parentUUID": "f879f566-5d88-4e75-9513-b6cbe5e46850",
                "skipped": false
              },
              {
                "title": "data.m_type",
                "fullTitle": "Menu /menu/list data.m_type",
                "timedOut": false,
                "duration": 0,
                "state": "passed",
                "speed": "fast",
                "pass": true,
                "fail": false,
                "pending": false,
                "code": "response.body.data[0].should.have.property('m_type').not.to.be.empty\ndone();",
                "err": {},
                "isRoot": false,
                "uuid": "bbb9e709-31fc-405a-bedc-23ea79641761",
                "parentUUID": "f879f566-5d88-4e75-9513-b6cbe5e46850",
                "skipped": false
              },
              {
                "title": "data.price",
                "fullTitle": "Menu /menu/list data.price",
                "timedOut": false,
                "duration": 0,
                "state": "passed",
                "speed": "fast",
                "pass": true,
                "fail": false,
                "pending": false,
                "code": "response.body.data[0].should.have.property('price').not.to.be.empty\ndone();",
                "err": {},
                "isRoot": false,
                "uuid": "de58f07f-d158-4c92-9d57-66ec9730ffb6",
                "parentUUID": "f879f566-5d88-4e75-9513-b6cbe5e46850",
                "skipped": false
              },
              {
                "title": "data.points",
                "fullTitle": "Menu /menu/list data.points",
                "timedOut": false,
                "duration": 0,
                "state": "passed",
                "speed": "fast",
                "pass": true,
                "fail": false,
                "pending": false,
                "code": "response.body.data[0].should.have.property('points')\ndone();",
                "err": {},
                "isRoot": false,
                "uuid": "415b8318-cc8d-4cff-a323-7cab55aef06c",
                "parentUUID": "f879f566-5d88-4e75-9513-b6cbe5e46850",
                "skipped": false
              },
              {
                "title": "data.calory",
                "fullTitle": "Menu /menu/list data.calory",
                "timedOut": false,
                "duration": 0,
                "state": "passed",
                "speed": "fast",
                "pass": true,
                "fail": false,
                "pending": false,
                "code": "response.body.data[0].should.have.property('calory').not.to.be.empty\ndone();",
                "err": {},
                "isRoot": false,
                "uuid": "cd721e03-7d7b-48b5-95ff-255446819d45",
                "parentUUID": "f879f566-5d88-4e75-9513-b6cbe5e46850",
                "skipped": false
              },
              {
                "title": "data.use_YN",
                "fullTitle": "Menu /menu/list data.use_YN",
                "timedOut": false,
                "duration": 0,
                "state": "passed",
                "speed": "fast",
                "pass": true,
                "fail": false,
                "pending": false,
                "code": "response.body.data[0].should.have.property('use_YN').not.to.be.empty\ndone();",
                "err": {},
                "isRoot": false,
                "uuid": "edea1fcf-89a5-48f1-acad-a693912b379b",
                "parentUUID": "f879f566-5d88-4e75-9513-b6cbe5e46850",
                "skipped": false
              }
            ],
            "failures": [
              {
                "title": "data.file_id",
                "fullTitle": "Menu /menu/list data.file_id",
                "timedOut": false,
                "duration": 2,
                "state": "failed",
                "pass": false,
                "fail": true,
                "pending": false,
                "code": "response.body.data[0].should.have.property('file_id').not.to.be.empty\ndone();",
                "err": {
                  "name": "AssertionError",
                  "message": "expected '' not to be empty",
                  "showDiff": false,
                  "actual": "",
                  "estack": "AssertionError: expected '' not to be empty\n    at Context.<anonymous> (test/menu.js:83:70)",
                  "stack": "AssertionError: expected '' not to be empty\n    at Context.<anonymous> (test/menu.js:83:70)"
                },
                "isRoot": false,
                "uuid": "3aebab16-0efd-4df3-b560-c34129d6980e",
                "parentUUID": "f879f566-5d88-4e75-9513-b6cbe5e46850",
                "skipped": false
              }
            ],
            "skipped": [],
            "hasTests": true,
            "hasSuites": false,
            "totalTests": 15,
            "totalPasses": 14,
            "totalFailures": 1,
            "totalPending": 0,
            "totalSkipped": 0,
            "hasPasses": true,
            "hasFailures": true,
            "hasPending": false,
            "hasSkipped": false,
            "duration": 19,
            "rootEmpty": false
          },
          {
            "title": "/menu/detail",
            "suites": [],
            "tests": [
              {
                "title": "http status 200 check",
                "fullTitle": "Menu /menu/detail http status 200 check",
                "timedOut": false,
                "duration": 16,
                "state": "passed",
                "speed": "fast",
                "pass": true,
                "fail": false,
                "pending": false,
                "code": "chai.request(config.server.BASE_PATH)\n    .post(config.api.menuDetail)\n    .set('content-type', 'application/json')\n    .send(body)\n    .end((err, res) => {\n    res.should.have.status(200)\n  response = res\n  done();\n});",
                "err": {},
                "isRoot": false,
                "uuid": "87b2863a-b1c3-4649-9366-27a38fbaf14c",
                "parentUUID": "7808587b-d33b-40f2-9be9-4e35c392a0fb",
                "skipped": false
              },
              {
                "title": "data property existency check",
                "fullTitle": "Menu /menu/detail data property existency check",
                "timedOut": false,
                "duration": 0,
                "state": "passed",
                "speed": "fast",
                "pass": true,
                "fail": false,
                "pending": false,
                "code": "response.should.have.property('body');\ndone();",
                "err": {},
                "isRoot": false,
                "uuid": "be345e9d-ae5f-4fa2-bdd1-37aa36442a16",
                "parentUUID": "7808587b-d33b-40f2-9be9-4e35c392a0fb",
                "skipped": false
              },
              {
                "title": "data null check",
                "fullTitle": "Menu /menu/detail data null check",
                "timedOut": false,
                "duration": 0,
                "state": "passed",
                "speed": "fast",
                "pass": true,
                "fail": false,
                "pending": false,
                "code": "expect(response.body).to.not.be.null;\ndone();",
                "err": {},
                "isRoot": false,
                "uuid": "5eaf394b-475a-4dae-81ab-92dd239f53fe",
                "parentUUID": "7808587b-d33b-40f2-9be9-4e35c392a0fb",
                "skipped": false
              },
              {
                "title": "responseStatus 200 check",
                "fullTitle": "Menu /menu/detail responseStatus 200 check",
                "timedOut": false,
                "duration": 0,
                "state": "passed",
                "speed": "fast",
                "pass": true,
                "fail": false,
                "pending": false,
                "code": "response.body.should.have.property('responseStatus').eql(200)\ndone();",
                "err": {},
                "isRoot": false,
                "uuid": "4ce96819-39d3-4915-a715-c3dc15dd37e7",
                "parentUUID": "7808587b-d33b-40f2-9be9-4e35c392a0fb",
                "skipped": false
              },
              {
                "title": "data check",
                "fullTitle": "Menu /menu/detail data check",
                "timedOut": false,
                "duration": 0,
                "state": "passed",
                "speed": "fast",
                "pass": true,
                "fail": false,
                "pending": false,
                "code": "response.body.should.have.property('data').not.to.be.empty\ndone();",
                "err": {},
                "isRoot": false,
                "uuid": "fae94f1d-0bd4-4bd1-9455-8d12f3a3e049",
                "parentUUID": "7808587b-d33b-40f2-9be9-4e35c392a0fb",
                "skipped": false
              },
              {
                "title": "data.sub_category_id",
                "fullTitle": "Menu /menu/detail data.sub_category_id",
                "timedOut": false,
                "duration": 0,
                "state": "passed",
                "speed": "fast",
                "pass": true,
                "fail": false,
                "pending": false,
                "code": "console.log(response.body.data[0].sub_category_id)\nresponse.body.data[0].should.have.property('sub_category_id').not.to.be.empty\ndone();",
                "err": {},
                "isRoot": false,
                "uuid": "3bfff5b6-f30d-4df7-b461-c61e535d2c64",
                "parentUUID": "7808587b-d33b-40f2-9be9-4e35c392a0fb",
                "skipped": false
              },
              {
                "title": "data.menu_id",
                "fullTitle": "Menu /menu/detail data.menu_id",
                "timedOut": false,
                "duration": 1,
                "state": "passed",
                "speed": "fast",
                "pass": true,
                "fail": false,
                "pending": false,
                "code": "response.body.data[0].should.have.property('menu_id').not.to.be.empty\ndone();",
                "err": {},
                "isRoot": false,
                "uuid": "7e583fda-5c92-4596-b607-c11e52720941",
                "parentUUID": "7808587b-d33b-40f2-9be9-4e35c392a0fb",
                "skipped": false
              },
              {
                "title": "data.state_id",
                "fullTitle": "Menu /menu/detail data.state_id",
                "timedOut": false,
                "duration": 0,
                "state": "passed",
                "speed": "fast",
                "pass": true,
                "fail": false,
                "pending": false,
                "code": "response.body.data[0].should.have.property('stage_id').not.to.be.empty\ndone();",
                "err": {},
                "isRoot": false,
                "uuid": "aa075efd-9536-4df5-bab1-3b8ac1e0ea35",
                "parentUUID": "7808587b-d33b-40f2-9be9-4e35c392a0fb",
                "skipped": false
              },
              {
                "title": "data.m_item",
                "fullTitle": "Menu /menu/detail data.m_item",
                "timedOut": false,
                "duration": 0,
                "state": "passed",
                "speed": "fast",
                "pass": true,
                "fail": false,
                "pending": false,
                "code": "response.body.data[0].should.have.property('m_item').not.to.be.empty\ndone();",
                "err": {},
                "isRoot": false,
                "uuid": "5dfa8374-5645-47b0-91d3-5c431bd0e811",
                "parentUUID": "7808587b-d33b-40f2-9be9-4e35c392a0fb",
                "skipped": false
              },
              {
                "title": "data.m_type",
                "fullTitle": "Menu /menu/detail data.m_type",
                "timedOut": false,
                "duration": 0,
                "state": "passed",
                "speed": "fast",
                "pass": true,
                "fail": false,
                "pending": false,
                "code": "response.body.data[0].should.have.property('m_type').not.to.be.empty\ndone();",
                "err": {},
                "isRoot": false,
                "uuid": "8cbfe13d-a615-4bb6-b073-52bf34fddca3",
                "parentUUID": "7808587b-d33b-40f2-9be9-4e35c392a0fb",
                "skipped": false
              },
              {
                "title": "data.price",
                "fullTitle": "Menu /menu/detail data.price",
                "timedOut": false,
                "duration": 0,
                "state": "passed",
                "speed": "fast",
                "pass": true,
                "fail": false,
                "pending": false,
                "code": "response.body.data[0].should.have.property('price').not.to.be.empty\ndone();",
                "err": {},
                "isRoot": false,
                "uuid": "43cc822b-0a31-4d34-8469-64bb7b5a90d9",
                "parentUUID": "7808587b-d33b-40f2-9be9-4e35c392a0fb",
                "skipped": false
              },
              {
                "title": "data.points",
                "fullTitle": "Menu /menu/detail data.points",
                "timedOut": false,
                "duration": 0,
                "state": "passed",
                "speed": "fast",
                "pass": true,
                "fail": false,
                "pending": false,
                "code": "response.body.data[0].should.have.property('points')\ndone();",
                "err": {},
                "isRoot": false,
                "uuid": "2ad0616a-0230-4ca3-9061-c5c10d1a03e0",
                "parentUUID": "7808587b-d33b-40f2-9be9-4e35c392a0fb",
                "skipped": false
              },
              {
                "title": "data.calory",
                "fullTitle": "Menu /menu/detail data.calory",
                "timedOut": false,
                "duration": 0,
                "state": "passed",
                "speed": "fast",
                "pass": true,
                "fail": false,
                "pending": false,
                "code": "response.body.data[0].should.have.property('calory').not.to.be.empty\ndone();",
                "err": {},
                "isRoot": false,
                "uuid": "f4c12fa5-e7c0-4d04-b5d8-d01c35aeb86e",
                "parentUUID": "7808587b-d33b-40f2-9be9-4e35c392a0fb",
                "skipped": false
              },
              {
                "title": "data.file_id",
                "fullTitle": "Menu /menu/detail data.file_id",
                "timedOut": false,
                "duration": 0,
                "state": "failed",
                "pass": false,
                "fail": true,
                "pending": false,
                "code": "response.body.data[0].should.have.property('file_id').not.to.be.empty\ndone();",
                "err": {
                  "name": "AssertionError",
                  "message": "expected '' not to be empty",
                  "showDiff": false,
                  "actual": "",
                  "estack": "AssertionError: expected '' not to be empty\n    at Context.<anonymous> (test/menu.js:154:70)",
                  "stack": "AssertionError: expected '' not to be empty\n    at Context.<anonymous> (test/menu.js:154:70)"
                },
                "isRoot": false,
                "uuid": "964d5600-6620-40f9-a157-e5393058135d",
                "parentUUID": "7808587b-d33b-40f2-9be9-4e35c392a0fb",
                "skipped": false
              },
              {
                "title": "data.options null check",
                "fullTitle": "Menu /menu/detail data.options null check",
                "timedOut": false,
                "duration": 0,
                "state": "passed",
                "speed": "fast",
                "pass": true,
                "fail": false,
                "pending": false,
                "code": "response.body.data[0].should.have.property('options').not.to.be.empty\ndone();",
                "err": {},
                "isRoot": false,
                "uuid": "ac431829-6680-4311-b394-6f147193ae75",
                "parentUUID": "7808587b-d33b-40f2-9be9-4e35c392a0fb",
                "skipped": false
              },
              {
                "title": "data.options.category_id",
                "fullTitle": "Menu /menu/detail data.options.category_id",
                "timedOut": false,
                "duration": 0,
                "state": "passed",
                "speed": "fast",
                "pass": true,
                "fail": false,
                "pending": false,
                "code": "response.body.data[0].options[0].should.have.property('category_id').not.to.be.empty\ndone();",
                "err": {},
                "isRoot": false,
                "uuid": "fb078117-dace-4e7c-9725-e16548d881d6",
                "parentUUID": "7808587b-d33b-40f2-9be9-4e35c392a0fb",
                "skipped": false
              },
              {
                "title": "data.options.category_name",
                "fullTitle": "Menu /menu/detail data.options.category_name",
                "timedOut": false,
                "duration": 0,
                "state": "passed",
                "speed": "fast",
                "pass": true,
                "fail": false,
                "pending": false,
                "code": "response.body.data[0].options[0].should.have.property('category_name').not.to.be.empty\ndone();",
                "err": {},
                "isRoot": false,
                "uuid": "fe37d87c-3da9-4880-bf08-2b85b2c7819c",
                "parentUUID": "7808587b-d33b-40f2-9be9-4e35c392a0fb",
                "skipped": false
              },
              {
                "title": "data.options.option_type",
                "fullTitle": "Menu /menu/detail data.options.option_type",
                "timedOut": false,
                "duration": 0,
                "state": "passed",
                "speed": "fast",
                "pass": true,
                "fail": false,
                "pending": false,
                "code": "response.body.data[0].options[0].should.have.property('option_type').not.to.be.empty\ndone();",
                "err": {},
                "isRoot": false,
                "uuid": "da920922-5f0b-4399-b4dd-83887d07a511",
                "parentUUID": "7808587b-d33b-40f2-9be9-4e35c392a0fb",
                "skipped": false
              },
              {
                "title": "data.options.data null check",
                "fullTitle": "Menu /menu/detail data.options.data null check",
                "timedOut": false,
                "duration": 0,
                "state": "passed",
                "speed": "fast",
                "pass": true,
                "fail": false,
                "pending": false,
                "code": "response.body.data[0].options[0].should.have.property('data').not.to.be.empty\ndone();",
                "err": {},
                "isRoot": false,
                "uuid": "a2f67f79-5d6b-45f0-a9b8-84f039c124ad",
                "parentUUID": "7808587b-d33b-40f2-9be9-4e35c392a0fb",
                "skipped": false
              },
              {
                "title": "data.options.data.id",
                "fullTitle": "Menu /menu/detail data.options.data.id",
                "timedOut": false,
                "duration": 2,
                "state": "failed",
                "pass": false,
                "fail": true,
                "pending": false,
                "code": "response.body.data[0].options[0].data.should.have.property('id').not.to.be.empty\ndone();",
                "err": {
                  "name": "AssertionError",
                  "message": "expected [ Array(2) ] to have a property 'id'",
                  "showDiff": false,
                  "actual": [
                    {
                      "id": "55355639-946c-4b43-9daf-b34135aa5af7",
                      "option": "cucumber",
                      "price": 1,
                      "checked": true
                    },
                    {
                      "id": "e1c07851-7389-4a9c-aab2-169a9b16c872",
                      "option": "onion",
                      "price": 1
                    }
                  ],
                  "estack": "AssertionError: expected [ Array(2) ] to have a property 'id'\n    at Context.<anonymous> (test/menu.js:178:57)",
                  "stack": "AssertionError: expected [ Array(2) ] to have a property 'id'\n    at Context.<anonymous> (test/menu.js:178:57)"
                },
                "isRoot": false,
                "uuid": "f7152aa9-2ad8-4e7d-896d-4914dafc9a25",
                "parentUUID": "7808587b-d33b-40f2-9be9-4e35c392a0fb",
                "skipped": false
              },
              {
                "title": "data.options.data.option",
                "fullTitle": "Menu /menu/detail data.options.data.option",
                "timedOut": false,
                "duration": 0,
                "state": "failed",
                "pass": false,
                "fail": true,
                "pending": false,
                "code": "response.body.data[0].options[0].data.should.have.property('option').not.to.be.empty\ndone();",
                "err": {
                  "name": "AssertionError",
                  "message": "expected [ Array(2) ] to have a property 'option'",
                  "showDiff": false,
                  "actual": [
                    {
                      "id": "55355639-946c-4b43-9daf-b34135aa5af7",
                      "option": "cucumber",
                      "price": 1,
                      "checked": true
                    },
                    {
                      "id": "e1c07851-7389-4a9c-aab2-169a9b16c872",
                      "option": "onion",
                      "price": 1
                    }
                  ],
                  "estack": "AssertionError: expected [ Array(2) ] to have a property 'option'\n    at Context.<anonymous> (test/menu.js:182:57)",
                  "stack": "AssertionError: expected [ Array(2) ] to have a property 'option'\n    at Context.<anonymous> (test/menu.js:182:57)"
                },
                "isRoot": false,
                "uuid": "864b1ca6-a1a1-44ea-a93a-7c9d32a1444f",
                "parentUUID": "7808587b-d33b-40f2-9be9-4e35c392a0fb",
                "skipped": false
              },
              {
                "title": "data.options.data.price",
                "fullTitle": "Menu /menu/detail data.options.data.price",
                "timedOut": false,
                "duration": 1,
                "state": "failed",
                "pass": false,
                "fail": true,
                "pending": false,
                "code": "response.body.data[0].options[0].data.should.have.property('price').not.to.be.empty\ndone();",
                "err": {
                  "name": "AssertionError",
                  "message": "expected [ Array(2) ] to have a property 'price'",
                  "showDiff": false,
                  "actual": [
                    {
                      "id": "55355639-946c-4b43-9daf-b34135aa5af7",
                      "option": "cucumber",
                      "price": 1,
                      "checked": true
                    },
                    {
                      "id": "e1c07851-7389-4a9c-aab2-169a9b16c872",
                      "option": "onion",
                      "price": 1
                    }
                  ],
                  "estack": "AssertionError: expected [ Array(2) ] to have a property 'price'\n    at Context.<anonymous> (test/menu.js:186:57)",
                  "stack": "AssertionError: expected [ Array(2) ] to have a property 'price'\n    at Context.<anonymous> (test/menu.js:186:57)"
                },
                "isRoot": false,
                "uuid": "9c3e0d6a-b06f-4822-9fa5-10332f12094e",
                "parentUUID": "7808587b-d33b-40f2-9be9-4e35c392a0fb",
                "skipped": false
              }
            ],
            "pending": [],
            "root": false,
            "_timeout": 2000,
            "file": "/test/menu.js",
            "uuid": "7808587b-d33b-40f2-9be9-4e35c392a0fb",
            "fullFile": "/Users/bok95/bluehack/apiway/tc/Kiosk-API-test/test/menu.js",
            "passes": [
              {
                "title": "http status 200 check",
                "fullTitle": "Menu /menu/detail http status 200 check",
                "timedOut": false,
                "duration": 16,
                "state": "passed",
                "speed": "fast",
                "pass": true,
                "fail": false,
                "pending": false,
                "code": "chai.request(config.server.BASE_PATH)\n    .post(config.api.menuDetail)\n    .set('content-type', 'application/json')\n    .send(body)\n    .end((err, res) => {\n    res.should.have.status(200)\n  response = res\n  done();\n});",
                "err": {},
                "isRoot": false,
                "uuid": "87b2863a-b1c3-4649-9366-27a38fbaf14c",
                "parentUUID": "7808587b-d33b-40f2-9be9-4e35c392a0fb",
                "skipped": false
              },
              {
                "title": "data property existency check",
                "fullTitle": "Menu /menu/detail data property existency check",
                "timedOut": false,
                "duration": 0,
                "state": "passed",
                "speed": "fast",
                "pass": true,
                "fail": false,
                "pending": false,
                "code": "response.should.have.property('body');\ndone();",
                "err": {},
                "isRoot": false,
                "uuid": "be345e9d-ae5f-4fa2-bdd1-37aa36442a16",
                "parentUUID": "7808587b-d33b-40f2-9be9-4e35c392a0fb",
                "skipped": false
              },
              {
                "title": "data null check",
                "fullTitle": "Menu /menu/detail data null check",
                "timedOut": false,
                "duration": 0,
                "state": "passed",
                "speed": "fast",
                "pass": true,
                "fail": false,
                "pending": false,
                "code": "expect(response.body).to.not.be.null;\ndone();",
                "err": {},
                "isRoot": false,
                "uuid": "5eaf394b-475a-4dae-81ab-92dd239f53fe",
                "parentUUID": "7808587b-d33b-40f2-9be9-4e35c392a0fb",
                "skipped": false
              },
              {
                "title": "responseStatus 200 check",
                "fullTitle": "Menu /menu/detail responseStatus 200 check",
                "timedOut": false,
                "duration": 0,
                "state": "passed",
                "speed": "fast",
                "pass": true,
                "fail": false,
                "pending": false,
                "code": "response.body.should.have.property('responseStatus').eql(200)\ndone();",
                "err": {},
                "isRoot": false,
                "uuid": "4ce96819-39d3-4915-a715-c3dc15dd37e7",
                "parentUUID": "7808587b-d33b-40f2-9be9-4e35c392a0fb",
                "skipped": false
              },
              {
                "title": "data check",
                "fullTitle": "Menu /menu/detail data check",
                "timedOut": false,
                "duration": 0,
                "state": "passed",
                "speed": "fast",
                "pass": true,
                "fail": false,
                "pending": false,
                "code": "response.body.should.have.property('data').not.to.be.empty\ndone();",
                "err": {},
                "isRoot": false,
                "uuid": "fae94f1d-0bd4-4bd1-9455-8d12f3a3e049",
                "parentUUID": "7808587b-d33b-40f2-9be9-4e35c392a0fb",
                "skipped": false
              },
              {
                "title": "data.sub_category_id",
                "fullTitle": "Menu /menu/detail data.sub_category_id",
                "timedOut": false,
                "duration": 0,
                "state": "passed",
                "speed": "fast",
                "pass": true,
                "fail": false,
                "pending": false,
                "code": "console.log(response.body.data[0].sub_category_id)\nresponse.body.data[0].should.have.property('sub_category_id').not.to.be.empty\ndone();",
                "err": {},
                "isRoot": false,
                "uuid": "3bfff5b6-f30d-4df7-b461-c61e535d2c64",
                "parentUUID": "7808587b-d33b-40f2-9be9-4e35c392a0fb",
                "skipped": false
              },
              {
                "title": "data.menu_id",
                "fullTitle": "Menu /menu/detail data.menu_id",
                "timedOut": false,
                "duration": 1,
                "state": "passed",
                "speed": "fast",
                "pass": true,
                "fail": false,
                "pending": false,
                "code": "response.body.data[0].should.have.property('menu_id').not.to.be.empty\ndone();",
                "err": {},
                "isRoot": false,
                "uuid": "7e583fda-5c92-4596-b607-c11e52720941",
                "parentUUID": "7808587b-d33b-40f2-9be9-4e35c392a0fb",
                "skipped": false
              },
              {
                "title": "data.state_id",
                "fullTitle": "Menu /menu/detail data.state_id",
                "timedOut": false,
                "duration": 0,
                "state": "passed",
                "speed": "fast",
                "pass": true,
                "fail": false,
                "pending": false,
                "code": "response.body.data[0].should.have.property('stage_id').not.to.be.empty\ndone();",
                "err": {},
                "isRoot": false,
                "uuid": "aa075efd-9536-4df5-bab1-3b8ac1e0ea35",
                "parentUUID": "7808587b-d33b-40f2-9be9-4e35c392a0fb",
                "skipped": false
              },
              {
                "title": "data.m_item",
                "fullTitle": "Menu /menu/detail data.m_item",
                "timedOut": false,
                "duration": 0,
                "state": "passed",
                "speed": "fast",
                "pass": true,
                "fail": false,
                "pending": false,
                "code": "response.body.data[0].should.have.property('m_item').not.to.be.empty\ndone();",
                "err": {},
                "isRoot": false,
                "uuid": "5dfa8374-5645-47b0-91d3-5c431bd0e811",
                "parentUUID": "7808587b-d33b-40f2-9be9-4e35c392a0fb",
                "skipped": false
              },
              {
                "title": "data.m_type",
                "fullTitle": "Menu /menu/detail data.m_type",
                "timedOut": false,
                "duration": 0,
                "state": "passed",
                "speed": "fast",
                "pass": true,
                "fail": false,
                "pending": false,
                "code": "response.body.data[0].should.have.property('m_type').not.to.be.empty\ndone();",
                "err": {},
                "isRoot": false,
                "uuid": "8cbfe13d-a615-4bb6-b073-52bf34fddca3",
                "parentUUID": "7808587b-d33b-40f2-9be9-4e35c392a0fb",
                "skipped": false
              },
              {
                "title": "data.price",
                "fullTitle": "Menu /menu/detail data.price",
                "timedOut": false,
                "duration": 0,
                "state": "passed",
                "speed": "fast",
                "pass": true,
                "fail": false,
                "pending": false,
                "code": "response.body.data[0].should.have.property('price').not.to.be.empty\ndone();",
                "err": {},
                "isRoot": false,
                "uuid": "43cc822b-0a31-4d34-8469-64bb7b5a90d9",
                "parentUUID": "7808587b-d33b-40f2-9be9-4e35c392a0fb",
                "skipped": false
              },
              {
                "title": "data.points",
                "fullTitle": "Menu /menu/detail data.points",
                "timedOut": false,
                "duration": 0,
                "state": "passed",
                "speed": "fast",
                "pass": true,
                "fail": false,
                "pending": false,
                "code": "response.body.data[0].should.have.property('points')\ndone();",
                "err": {},
                "isRoot": false,
                "uuid": "2ad0616a-0230-4ca3-9061-c5c10d1a03e0",
                "parentUUID": "7808587b-d33b-40f2-9be9-4e35c392a0fb",
                "skipped": false
              },
              {
                "title": "data.calory",
                "fullTitle": "Menu /menu/detail data.calory",
                "timedOut": false,
                "duration": 0,
                "state": "passed",
                "speed": "fast",
                "pass": true,
                "fail": false,
                "pending": false,
                "code": "response.body.data[0].should.have.property('calory').not.to.be.empty\ndone();",
                "err": {},
                "isRoot": false,
                "uuid": "f4c12fa5-e7c0-4d04-b5d8-d01c35aeb86e",
                "parentUUID": "7808587b-d33b-40f2-9be9-4e35c392a0fb",
                "skipped": false
              },
              {
                "title": "data.options null check",
                "fullTitle": "Menu /menu/detail data.options null check",
                "timedOut": false,
                "duration": 0,
                "state": "passed",
                "speed": "fast",
                "pass": true,
                "fail": false,
                "pending": false,
                "code": "response.body.data[0].should.have.property('options').not.to.be.empty\ndone();",
                "err": {},
                "isRoot": false,
                "uuid": "ac431829-6680-4311-b394-6f147193ae75",
                "parentUUID": "7808587b-d33b-40f2-9be9-4e35c392a0fb",
                "skipped": false
              },
              {
                "title": "data.options.category_id",
                "fullTitle": "Menu /menu/detail data.options.category_id",
                "timedOut": false,
                "duration": 0,
                "state": "passed",
                "speed": "fast",
[...]
      "duration": 1,
      "state": "passed",
      "speed": "fast",
      "pass": true,
      "fail": false,
      "pending": false,
      "code": "response.body.data[0].should.have.property('menu_id').not.to.be.empty\ndone();",
      "err": {},
      "isRoot": false,
      "uuid": "7e583fda-5c92-4596-b607-c11e52720941",
      "parentUUID": "7808587b-d33b-40f2-9be9-4e35c392a0fb",
      "skipped": false
    },
    {
      "title": "data.state_id",
      "fullTitle": "/menu/detail data.state_id",
      "timedOut": false,
      "duration": 0,
      "state": "passed",
      "speed": "fast",
      "pass": true,
      "fail": false,
      "pending": false,
      "code": "response.body.data[0].should.have.property('stage_id').not.to.be.empty\ndone();",
      "err": {},
      "isRoot": false,
      "uuid": "aa075efd-9536-4df5-bab1-3b8ac1e0ea35",
      "parentUUID": "7808587b-d33b-40f2-9be9-4e35c392a0fb",
      "skipped": false
    },
    {
      "title": "data.m_item",
      "fullTitle": "/menu/detail data.m_item",
      "timedOut": false,
      "duration": 0,
      "state": "passed",
      "speed": "fast",
      "pass": true,
      "fail": false,
      "pending": false,
      "code": "response.body.data[0].should.have.property('m_item').not.to.be.empty\ndone();",
      "err": {},
      "isRoot": false,
      "uuid": "5dfa8374-5645-47b0-91d3-5c431bd0e811",
      "parentUUID": "7808587b-d33b-40f2-9be9-4e35c392a0fb",
      "skipped": false
    },
    {
      "title": "data.m_type",
      "fullTitle": "/menu/detail data.m_type",
      "timedOut": false,
      "duration": 0,
      "state": "passed",
      "speed": "fast",
      "pass": true,
      "fail": false,
      "pending": false,
      "code": "response.body.data[0].should.have.property('m_type').not.to.be.empty\ndone();",
      "err": {},
      "isRoot": false,
      "uuid": "8cbfe13d-a615-4bb6-b073-52bf34fddca3",
      "parentUUID": "7808587b-d33b-40f2-9be9-4e35c392a0fb",
      "skipped": false
    },
    {
      "title": "data.price",
      "fullTitle": "/menu/detail data.price",
      "timedOut": false,
      "duration": 0,
      "state": "passed",
      "speed": "fast",
      "pass": true,
      "fail": false,
      "pending": false,
      "code": "response.body.data[0].should.have.property('price').not.to.be.empty\ndone();",
      "err": {},
      "isRoot": false,
      "uuid": "43cc822b-0a31-4d34-8469-64bb7b5a90d9",
      "parentUUID": "7808587b-d33b-40f2-9be9-4e35c392a0fb",
      "skipped": false
    },
    {
      "title": "data.points",
      "fullTitle": "/menu/detail data.points",
      "timedOut": false,
      "duration": 0,
      "state": "passed",
      "speed": "fast",
      "pass": true,
      "fail": false,
      "pending": false,
      "code": "response.body.data[0].should.have.property('points')\ndone();",
      "err": {},
      "isRoot": false,
      "uuid": "2ad0616a-0230-4ca3-9061-c5c10d1a03e0",
      "parentUUID": "7808587b-d33b-40f2-9be9-4e35c392a0fb",
      "skipped": false
    },
    {
      "title": "data.calory",
      "fullTitle": "/menu/detail data.calory",
      "timedOut": false,
      "duration": 0,
      "state": "passed",
      "speed": "fast",
      "pass": true,
      "fail": false,
      "pending": false,
      "code": "response.body.data[0].should.have.property('calory').not.to.be.empty\ndone();",
      "err": {},
      "isRoot": false,
      "uuid": "f4c12fa5-e7c0-4d04-b5d8-d01c35aeb86e",
      "parentUUID": "7808587b-d33b-40f2-9be9-4e35c392a0fb",
      "skipped": false
    },
    {
      "title": "data.options null check",
      "fullTitle": "/menu/detail data.options null check",
      "timedOut": false,
      "duration": 0,
      "state": "passed",
      "speed": "fast",
      "pass": true,
      "fail": false,
      "pending": false,
      "code": "response.body.data[0].should.have.property('options').not.to.be.empty\ndone();",
      "err": {},
      "isRoot": false,
      "uuid": "ac431829-6680-4311-b394-6f147193ae75",
      "parentUUID": "7808587b-d33b-40f2-9be9-4e35c392a0fb",
      "skipped": false
    },
    {
      "title": "data.options.category_id",
      "fullTitle": "/menu/detail data.options.category_id",
      "timedOut": false,
      "duration": 0,
      "state": "passed",
      "speed": "fast",
      "pass": true,
      "fail": false,
      "pending": false,
      "code": "response.body.data[0].options[0].should.have.property('category_id').not.to.be.empty\ndone();",
      "err": {},
      "isRoot": false,
      "uuid": "fb078117-dace-4e7c-9725-e16548d881d6",
      "parentUUID": "7808587b-d33b-40f2-9be9-4e35c392a0fb",
      "skipped": false
    },
    {
      "title": "data.options.category_name",
      "fullTitle": "/menu/detail data.options.category_name",
      "timedOut": false,
      "duration": 0,
      "state": "passed",
      "speed": "fast",
      "pass": true,
      "fail": false,
      "pending": false,
      "code": "response.body.data[0].options[0].should.have.property('category_name').not.to.be.empty\ndone();",
      "err": {},
      "isRoot": false,
      "uuid": "fe37d87c-3da9-4880-bf08-2b85b2c7819c",
      "parentUUID": "7808587b-d33b-40f2-9be9-4e35c392a0fb",
      "skipped": false
    },
    {
      "title": "data.options.option_type",
      "fullTitle": "/menu/detail data.options.option_type",
      "timedOut": false,
      "duration": 0,
      "state": "passed",
      "speed": "fast",
      "pass": true,
      "fail": false,
      "pending": false,
      "code": "response.body.data[0].options[0].should.have.property('option_type').not.to.be.empty\ndone();",
      "err": {},
      "isRoot": false,
      "uuid": "da920922-5f0b-4399-b4dd-83887d07a511",
      "parentUUID": "7808587b-d33b-40f2-9be9-4e35c392a0fb",
      "skipped": false
    },
    {
      "title": "data.options.data null check",
      "fullTitle": "/menu/detail data.options.data null check",
      "timedOut": false,
      "duration": 0,
      "state": "passed",
      "speed": "fast",
      "pass": true,
      "fail": false,
      "pending": false,
      "code": "response.body.data[0].options[0].should.have.property('data').not.to.be.empty\ndone();",
      "err": {},
      "isRoot": false,
      "uuid": "a2f67f79-5d6b-45f0-a9b8-84f039c124ad",
      "parentUUID": "7808587b-d33b-40f2-9be9-4e35c392a0fb",
      "skipped": false
    },
    {
      "title": "http status 200 check",
      "fullTitle": "/store/accountList http status 200 check",
      "timedOut": false,
      "duration": 15,
      "state": "passed",
      "speed": "fast",
      "pass": true,
      "fail": false,
      "pending": false,
      "code": "chai.request(config.server.BASE_PATH)\n.post(config.api.storeAccountList)\n    .set('content-type', 'application/json')\n    .send(body)\n    .end((err, res) => {\n        res.should.have.status(200)\n        response = res\n        done();\n});",
      "err": {},
      "isRoot": false,
      "uuid": "5977a274-b9fd-47b9-8f8b-65f15a857363",
      "parentUUID": "f8af462f-20ca-45b4-8e81-7ae023c18562",
      "skipped": false
    },
    {
      "title": "data property existency check",
      "fullTitle": "/store/accountList data property existency check",
      "timedOut": false,
      "duration": 0,
      "state": "passed",
      "speed": "fast",
      "pass": true,
      "fail": false,
      "pending": false,
      "code": "response.should.have.property('body');\ndone();",
      "err": {},
      "isRoot": false,
      "uuid": "b1cdfeb8-854f-4a13-a1ed-68c1b427e5a3",
      "parentUUID": "f8af462f-20ca-45b4-8e81-7ae023c18562",
      "skipped": false
    },
    {
      "title": "data null check",
      "fullTitle": "/store/accountList data null check",
      "timedOut": false,
      "duration": 0,
      "state": "passed",
      "speed": "fast",
      "pass": true,
      "fail": false,
      "pending": false,
      "code": "expect(response.body).to.not.be.null;\ndone();",
      "err": {},
      "isRoot": false,
      "uuid": "d1b0ac75-63b5-4772-b97e-efb1fbd23831",
      "parentUUID": "f8af462f-20ca-45b4-8e81-7ae023c18562",
      "skipped": false
    },
    {
      "title": "responseStatus 200 check",
      "fullTitle": "/store/accountList responseStatus 200 check",
      "timedOut": false,
      "duration": 0,
      "state": "passed",
      "speed": "fast",
      "pass": true,
      "fail": false,
      "pending": false,
      "code": "response.body.should.have.property('responseStatus').eql(200)\ndone();",
      "err": {},
      "isRoot": false,
      "uuid": "3a642fd3-53f5-4ce7-8109-f60bd361fcf5",
      "parentUUID": "f8af462f-20ca-45b4-8e81-7ae023c18562",
      "skipped": false
    },
    {
      "title": "data check",
      "fullTitle": "/store/accountList data check",
      "timedOut": false,
      "duration": 1,
      "state": "passed",
      "speed": "fast",
      "pass": true,
      "fail": false,
      "pending": false,
      "code": "console.log(response.body.data)\nresponse.body.should.have.property('data').not.to.be.empty\ndone();",
      "err": {},
      "isRoot": false,
      "uuid": "630b0177-43b7-44fc-a7c6-2aafda310e88",
      "parentUUID": "f8af462f-20ca-45b4-8e81-7ae023c18562",
      "skipped": false
    },
    {
      "title": "data.store_id",
      "fullTitle": "/store/accountList data.store_id",
      "timedOut": false,
      "duration": 0,
      "state": "passed",
      "speed": "fast",
      "pass": true,
      "fail": false,
      "pending": false,
      "code": "console.log('store_id=' + response.body.data[0].store_id)\nresponse.body.data[0].should.have.property('store_id').not.to.be.empty\ndone();",
      "err": {},
      "isRoot": false,
      "uuid": "3fe93fb4-1bdb-4d61-9af4-4aba68506705",
      "parentUUID": "f8af462f-20ca-45b4-8e81-7ae023c18562",
      "skipped": false
    },
    {
      "title": "data.user_id",
      "fullTitle": "/store/accountList data.user_id",
      "timedOut": false,
      "duration": 0,
      "state": "passed",
      "speed": "fast",
      "pass": true,
      "fail": false,
      "pending": false,
      "code": "response.body.data[0].should.have.property('user_id').not.to.be.empty\ndone();",
      "err": {},
      "isRoot": false,
      "uuid": "f17dff53-e261-4ae8-86ee-94068c7ef431",
      "parentUUID": "f8af462f-20ca-45b4-8e81-7ae023c18562",
      "skipped": false
    },
    {
      "title": "data.s_phone",
      "fullTitle": "/store/accountList data.s_phone",
      "timedOut": false,
      "duration": 0,
      "state": "passed",
      "speed": "fast",
      "pass": true,
      "fail": false,
      "pending": false,
      "code": "response.body.data[0].should.have.property('s_phone').not.to.be.empty\ndone();",
      "err": {},
      "isRoot": false,
      "uuid": "46ebbf51-84b3-4e76-8270-8663ea0bf6a3",
      "parentUUID": "f8af462f-20ca-45b4-8e81-7ae023c18562",
      "skipped": false
    },
    {
      "title": "data.store",
      "fullTitle": "/store/accountList data.store",
      "timedOut": false,
      "duration": 0,
      "state": "passed",
      "speed": "fast",
      "pass": true,
      "fail": false,
      "pending": false,
      "code": "response.body.data[0].should.have.property('store').not.to.be.empty\ndone();",
      "err": {},
      "isRoot": false,
      "uuid": "ec21aef4-9c61-49c5-838e-29a463cf220b",
      "parentUUID": "f8af462f-20ca-45b4-8e81-7ae023c18562",
      "skipped": false
    },
    {
      "title": "data.u_level",
      "fullTitle": "/store/accountList data.u_level",
      "timedOut": false,
      "duration": 0,
      "state": "passed",
      "speed": "fast",
      "pass": true,
      "fail": false,
      "pending": false,
      "code": "response.body.data[0].should.have.property('u_level').not.to.be.empty\ndone();",
      "err": {},
      "isRoot": false,
      "uuid": "6ae372c5-c14f-48b9-a471-9cb7bb6eccd4",
      "parentUUID": "f8af462f-20ca-45b4-8e81-7ae023c18562",
      "skipped": false
    },
    {
      "title": "data.u_status",
      "fullTitle": "/store/accountList data.u_status",
      "timedOut": false,
      "duration": 0,
      "state": "passed",
      "speed": "fast",
      "pass": true,
      "fail": false,
      "pending": false,
      "code": "response.body.data[0].should.have.property('u_status').not.to.be.empty\ndone();",
      "err": {},
      "isRoot": false,
      "uuid": "ba75caa3-dd15-4543-bfb2-dc8ad0639689",
      "parentUUID": "f8af462f-20ca-45b4-8e81-7ae023c18562",
      "skipped": false
    },
    {
      "title": "data.u_points",
      "fullTitle": "/store/accountList data.u_points",
      "timedOut": false,
      "duration": 0,
      "state": "passed",
      "speed": "fast",
      "pass": true,
      "fail": false,
      "pending": false,
      "code": "response.body.data[0].should.have.property('u_points').not.to.be.NaN\ndone();",
      "err": {},
      "isRoot": false,
      "uuid": "aa6c806e-1d35-4359-80b9-457c439c1a58",
      "parentUUID": "f8af462f-20ca-45b4-8e81-7ae023c18562",
      "skipped": false
    },
    {
      "title": "data.s_address",
      "fullTitle": "/store/accountList data.s_address",
      "timedOut": false,
      "duration": 0,
      "state": "passed",
      "speed": "fast",
      "pass": true,
      "fail": false,
      "pending": false,
      "code": "response.body.data[0].should.have.property('store').not.to.be.empty\ndone();",
      "err": {},
      "isRoot": false,
      "uuid": "3aea5f54-7f0e-427f-b8b4-05d37bd0ae4b",
      "parentUUID": "f8af462f-20ca-45b4-8e81-7ae023c18562",
      "skipped": false
    }
  ],
  "allFailures": [
    {
      "title": "data.file_id",
      "fullTitle": "/menu/list data.file_id",
      "timedOut": false,
      "duration": 2,
      "state": "failed",
      "pass": false,
      "fail": true,
      "pending": false,
      "code": "response.body.data[0].should.have.property('file_id').not.to.be.empty\ndone();",
      "err": {
        "name": "AssertionError",
        "message": "expected '' not to be empty",
        "showDiff": false,
        "actual": "",
        "estack": "AssertionError: expected '' not to be empty\n    at Context.<anonymous> (test/menu.js:83:70)",
        "stack": "AssertionError: expected '' not to be empty\n    at Context.<anonymous> (test/menu.js:83:70)"
      },
      "isRoot": false,
      "uuid": "3aebab16-0efd-4df3-b560-c34129d6980e",
      "parentUUID": "f879f566-5d88-4e75-9513-b6cbe5e46850",
      "skipped": false
    },
    {
      "title": "data.file_id",
      "fullTitle": "/menu/detail data.file_id",
      "timedOut": false,
      "duration": 0,
      "state": "failed",
      "pass": false,
      "fail": true,
      "pending": false,
      "code": "response.body.data[0].should.have.property('file_id').not.to.be.empty\ndone();",
      "err": {
        "name": "AssertionError",
        "message": "expected '' not to be empty",
        "showDiff": false,
        "actual": "",
        "estack": "AssertionError: expected '' not to be empty\n    at Context.<anonymous> (test/menu.js:154:70)",
        "stack": "AssertionError: expected '' not to be empty\n    at Context.<anonymous> (test/menu.js:154:70)"
      },
      "isRoot": false,
      "uuid": "964d5600-6620-40f9-a157-e5393058135d",
      "parentUUID": "7808587b-d33b-40f2-9be9-4e35c392a0fb",
      "skipped": false
    },
    {
      "title": "data.options.data.id",
      "fullTitle": "/menu/detail data.options.data.id",
      "timedOut": false,
      "duration": 2,
      "state": "failed",
      "pass": false,
      "fail": true,
      "pending": false,
      "code": "response.body.data[0].options[0].data.should.have.property('id').not.to.be.empty\ndone();",
      "err": {
        "name": "AssertionError",
        "message": "expected [ Array(2) ] to have a property 'id'",
        "showDiff": false,
        "actual": [
          {
            "id": "55355639-946c-4b43-9daf-b34135aa5af7",
            "option": "cucumber",
            "price": 1,
            "checked": true
          },
          {
            "id": "e1c07851-7389-4a9c-aab2-169a9b16c872",
            "option": "onion",
            "price": 1
          }
        ],
        "estack": "AssertionError: expected [ Array(2) ] to have a property 'id'\n    at Context.<anonymous> (test/menu.js:178:57)",
        "stack": "AssertionError: expected [ Array(2) ] to have a property 'id'\n    at Context.<anonymous> (test/menu.js:178:57)"
      },
      "isRoot": false,
      "uuid": "f7152aa9-2ad8-4e7d-896d-4914dafc9a25",
      "parentUUID": "7808587b-d33b-40f2-9be9-4e35c392a0fb",
      "skipped": false
    },
    {
      "title": "data.options.data.option",
      "fullTitle": "/menu/detail data.options.data.option",
      "timedOut": false,
      "duration": 0,
      "state": "failed",
      "pass": false,
      "fail": true,
      "pending": false,
      "code": "response.body.data[0].options[0].data.should.have.property('option').not.to.be.empty\ndone();",
      "err": {
        "name": "AssertionError",
        "message": "expected [ Array(2) ] to have a property 'option'",
        "showDiff": false,
        "actual": [
          {
            "id": "55355639-946c-4b43-9daf-b34135aa5af7",
            "option": "cucumber",
            "price": 1,
            "checked": true
          },
          {
            "id": "e1c07851-7389-4a9c-aab2-169a9b16c872",
            "option": "onion",
            "price": 1
          }
        ],
        "estack": "AssertionError: expected [ Array(2) ] to have a property 'option'\n    at Context.<anonymous> (test/menu.js:182:57)",
        "stack": "AssertionError: expected [ Array(2) ] to have a property 'option'\n    at Context.<anonymous> (test/menu.js:182:57)"
      },
      "isRoot": false,
      "uuid": "864b1ca6-a1a1-44ea-a93a-7c9d32a1444f",
      "parentUUID": "7808587b-d33b-40f2-9be9-4e35c392a0fb",
      "skipped": false
    },
    {
      "title": "data.options.data.price",
      "fullTitle": "/menu/detail data.options.data.price",
      "timedOut": false,
      "duration": 1,
      "state": "failed",
      "pass": false,
      "fail": true,
      "pending": false,
      "code": "response.body.data[0].options[0].data.should.have.property('price').not.to.be.empty\ndone();",
      "err": {
        "name": "AssertionError",
        "message": "expected [ Array(2) ] to have a property 'price'",
        "showDiff": false,
        "actual": [
          {
            "id": "55355639-946c-4b43-9daf-b34135aa5af7",
            "option": "cucumber",
            "price": 1,
            "checked": true
          },
          {
            "id": "e1c07851-7389-4a9c-aab2-169a9b16c872",
            "option": "onion",
            "price": 1
          }
        ],
        "estack": "AssertionError: expected [ Array(2) ] to have a property 'price'\n    at Context.<anonymous> (test/menu.js:186:57)",
        "stack": "AssertionError: expected [ Array(2) ] to have a property 'price'\n    at Context.<anonymous> (test/menu.js:186:57)"
      },
      "isRoot": false,
      "uuid": "9c3e0d6a-b06f-4822-9fa5-10332f12094e",
      "parentUUID": "7808587b-d33b-40f2-9be9-4e35c392a0fb",
      "skipped": false
    },
    {
      "title": "data.s_logo",
      "fullTitle": "/store/accountList data.s_logo",
      "timedOut": false,
      "duration": 0,
      "state": "failed",
      "pass": false,
      "fail": true,
      "pending": false,
      "code": "console.log('s_logo=' + response.body.data[0].s_logo)\nresponse.body.data[0].should.have.property('s_logo').not.to.be.empty\ndone();",
      "err": {
        "estack": "TypeError: Cannot convert undefined or null to object\n    at Function.keys (<anonymous>)\n    at Assertion.<anonymous> (node_modules/chai/lib/chai/core/assertions.js:420:25)\n    at Assertion.addProperty (node_modules/chai/lib/chai/utils/addProperty.js:43:29)\n    at Context.<anonymous> (test/store.js:80:69)"
      },
      "isRoot": false,
      "uuid": "7e3aacb8-bad8-4779-91ca-29fbb3aacd55",
      "parentUUID": "f8af462f-20ca-45b4-8e81-7ae023c18562",
      "skipped": false
    }
  ],
  "copyrightYear": 2017
}